[1217/195444.203:ERROR:scoped_process_suspend.cc(31)] NtSuspendProcess: Попытка доступа к процессу, выполняющему процедуру завершения. (0xc000010a)
[1217/195444.818:ERROR:process_info.cc(118)] ReadProcessMemory bool __cdecl crashpad::(anonymous namespace)::ReadStruct(HANDLE, crashpad::WinVMAddress, T *) [T = crashpad::process_types::PEB<crashpad::process_types::internal::Traits64>]: Запрос ReadProcessMemory или WriteProcessMemory был выполнен только частично. (0x12B)
[1217/195445.027:ERROR:process_info.cc(551)] ReadProcessData failed
[0227/182650.839:ERROR:process_memory_win.cc(73)] ReadMemory at 0xc9b9fc8000 of 852 bytes failed: Запрос ReadProcessMemory или WriteProcessMemory был выполнен только частично. (0x12B)
[0227/182650.853:ERROR:process_snapshot_win.cc(389)] ReadMemory PEB
[0227/182650.853:ERROR:process_memory_win.cc(73)] ReadMemory at 0x7ff67dc70000 of 64 bytes failed: Запрос ReadProcessMemory или WriteProcessMemory был выполнен только частично. (0x12B)
[0227/182650.853:WARNING:pe_image_reader.cc(340)] could not read dos header from C:\Program Files (x86)\Google\Chrome\Application\chrome.exe
[0227/182650.853:ERROR:process_memory_win.cc(73)] ReadMemory at 0x7ff67dc70000 of 64 bytes failed: Запрос ReadProcessMemory или WriteProcessMemory был выполнен только частично. (0x12B)
[0227/182650.853:WARNING:pe_image_reader.cc(340)] could not read dos header from C:\Program Files (x86)\Google\Chrome\Application\chrome.exe
[0227/182650.853:ERROR:process_memory_win.cc(73)] ReadMemory at 0x7ff88b7c0000 of 64 bytes failed: Запрос ReadProcessMemory или WriteProcessMemory был выполнен только частично. (0x12B)
[0227/182650.853:WARNING:pe_image_reader.cc(340)] could not read dos header from C:\WINDOWS\SYSTEM32\ntdll.dll
[0227/182650.853:ERROR:process_memory_win.cc(73)] ReadMemory at 0x7ff88b7c0000 of 64 bytes failed: Запрос ReadProcessMemory или WriteProcessMemory был выполнен только частично. (0x12B)
[0227/182650.853:WARNING:pe_image_reader.cc(340)] could not read dos header from C:\WINDOWS\SYSTEM32\ntdll.dll
[0227/182650.853:ERROR:process_memory_win.cc(73)] ReadMemory at 0x7ff88b3e0000 of 64 bytes failed: Запрос ReadProcessMemory или WriteProcessMemory был выполнен только частично. (0x12B)
[0227/182650.853:WARNING:pe_image_reader.cc(340)] could not read dos header from C:\WINDOWS\System32\KERNEL32.DLL
[0227/182650.853:ERROR:process_memory_win.cc(73)] ReadMemory at 0x7ff88b3e0000 of 64 bytes failed: Запрос ReadProcessMemory или WriteProcessMemory был выполнен только частично. (0x12B)
[0227/182650.853:WARNING:pe_image_reader.cc(340)] could not read dos header from C:\WINDOWS\System32\KERNEL32.DLL
[0227/182650.853:ERROR:process_memory_win.cc(73)] ReadMemory at 0x7ff888970000 of 64 bytes failed: Запрос ReadProcessMemory или WriteProcessMemory был выполнен только частично. (0x12B)
[0227/182650.854:WARNING:pe_image_reader.cc(340)] could not read dos header from C:\WINDOWS\System32\KERNELBASE.dll
[0227/182650.854:ERROR:process_memory_win.cc(73)] ReadMemory at 0x7ff888970000 of 64 bytes failed: Запрос ReadProcessMemory или WriteProcessMemory был выполнен только частично. (0x12B)
[0227/182650.854:WARNING:pe_image_reader.cc(340)] could not read dos header from C:\WINDOWS\System32\KERNELBASE.dll
[0227/182650.854:ERROR:process_memory_win.cc(73)] ReadMemory at 0x7ff85b7c0000 of 64 bytes failed: Запрос ReadProcessMemory или WriteProcessMemory был выполнен только частично. (0x12B)
[0227/182650.854:WARNING:pe_image_reader.cc(340)] could not read dos header from C:\Program Files (x86)\Google\Chrome\Application\80.0.3987.122\chrome_elf.dll
[0227/182650.854:ERROR:process_memory_win.cc(73)] ReadMemory at 0x7ff85b7c0000 of 64 bytes failed: Запрос ReadProcessMemory или WriteProcessMemory был выполнен только частично. (0x12B)
[0227/182650.854:WARNING:pe_image_reader.cc(340)] could not read dos header from C:\Program Files (x86)\Google\Chrome\Application\80.0.3987.122\chrome_elf.dll
[0227/182650.854:ERROR:process_memory_win.cc(73)] ReadMemory at 0x7ff884a60000 of 64 bytes failed: Запрос ReadProcessMemory или WriteProcessMemory был выполнен только частично. (0x12B)
[0227/182650.854:WARNING:pe_image_reader.cc(340)] could not read dos header from C:\WINDOWS\SYSTEM32\VERSION.dll
[0227/182650.854:ERROR:process_memory_win.cc(73)] ReadMemory at 0x7ff884a60000 of 64 bytes failed: Запрос ReadProcessMemory или WriteProcessMemory был выполнен только частично. (0x12B)
[0227/182650.854:WARNING:pe_image_reader.cc(340)] could not read dos header from C:\WINDOWS\SYSTEM32\VERSION.dll
[0227/182650.854:ERROR:process_memory_win.cc(73)] ReadMemory at 0x7ff88af50000 of 64 bytes failed: Запрос ReadProcessMemory или WriteProcessMemory был выполнен только частично. (0x12B)
[0227/182650.854:WARNING:pe_image_reader.cc(340)] could not read dos header from C:\WINDOWS\System32\msvcrt.dll
[0227/182650.854:ERROR:process_memory_win.cc(73)] ReadMemory at 0x7ff88af50000 of 64 bytes failed: Запрос ReadProcessMemory или WriteProcessMemory был выполнен только частично. (0x12B)
[0227/182650.854:WARNING:pe_image_reader.cc(340)] could not read dos header from C:\WINDOWS\System32\msvcrt.dll
[0227/182650.854:ERROR:process_memory_win.cc(73)] ReadMemory at 0x7ff8894d0000 of 64 bytes failed: Запрос ReadProcessMemory или WriteProcessMemory был выполнен только частично. (0x12B)
[0227/182650.854:WARNING:pe_image_reader.cc(340)] could not read dos header from C:\WINDOWS\System32\bcryptPrimitives.dll
[0227/182650.854:ERROR:process_memory_win.cc(73)] ReadMemory at 0x7ff8894d0000 of 64 bytes failed: Запрос ReadProcessMemory или WriteProcessMemory был выполнен только частично. (0x12B)
[0227/182650.854:WARNING:pe_image_reader.cc(340)] could not read dos header from C:\WINDOWS\System32\bcryptPrimitives.dll
[0227/182650.854:ERROR:process_memory_win.cc(73)] ReadMemory at 0x7ff88b330000 of 64 bytes failed: Запрос ReadProcessMemory или WriteProcessMemory был выполнен только частично. (0x12B)
[0227/182650.854:WARNING:pe_image_reader.cc(340)] could not read dos header from C:\WINDOWS\System32\ADVAPI32.dll
[0227/182650.854:ERROR:process_memory_win.cc(73)] ReadMemory at 0x7ff88b330000 of 64 bytes failed: Запрос ReadProcessMemory или WriteProcessMemory был выполнен только частично. (0x12B)
[0227/182650.854:WARNING:pe_image_reader.cc(340)] could not read dos header from C:\WINDOWS\System32\ADVAPI32.dll
[0227/182650.854:ERROR:process_memory_win.cc(73)] ReadMemory at 0x7ff88a370000 of 64 bytes failed: Запрос ReadProcessMemory или WriteProcessMemory был выполнен только частично. (0x12B)
[0227/182650.854:WARNING:pe_image_reader.cc(340)] could not read dos header from C:\WINDOWS\System32\sechost.dll
[0227/182650.854:ERROR:process_memory_win.cc(73)] ReadMemory at 0x7ff88a370000 of 64 bytes failed: Запрос ReadProcessMemory или WriteProcessMemory был выполнен только частично. (0x12B)
[0227/182650.854:WARNING:pe_image_reader.cc(340)] could not read dos header from C:\WINDOWS\System32\sechost.dll
[0227/182650.854:ERROR:process_memory_win.cc(73)] ReadMemory at 0x7ff889ff0000 of 64 bytes failed: Запрос ReadProcessMemory или WriteProcessMemory был выполнен только частично. (0x12B)
[0227/182650.854:WARNING:pe_image_reader.cc(340)] could not read dos header from C:\WINDOWS\System32\RPCRT4.dll
[0227/182650.854:ERROR:process_memory_win.cc(73)] ReadMemory at 0x7ff889ff0000 of 64 bytes failed: Запрос ReadProcessMemory или WriteProcessMemory был выполнен только частично. (0x12B)
[0227/182650.854:WARNING:pe_image_reader.cc(340)] could not read dos header from C:\WINDOWS\System32\RPCRT4.dll
[0227/182650.854:ERROR:process_memory_win.cc(73)] ReadMemory at 0x7ff82a240000 of 64 bytes failed: Запрос ReadProcessMemory или WriteProcessMemory был выполнен только частично. (0x12B)
[0227/182650.854:WARNING:pe_image_reader.cc(340)] could not read dos header from C:\Program Files (x86)\Google\Chrome\Application\80.0.3987.122\chrome.dll
[0227/182650.854:ERROR:process_memory_win.cc(73)] ReadMemory at 0x7ff82a240000 of 64 bytes failed: Запрос ReadProcessMemory или WriteProcessMemory был выполнен только частично. (0x12B)
[0227/182650.854:WARNING:pe_image_reader.cc(340)] could not read dos header from C:\Program Files (x86)\Google\Chrome\Application\80.0.3987.122\chrome.dll
[0227/182650.854:ERROR:process_memory_win.cc(73)] ReadMemory at 0x7ff88a650000 of 64 bytes failed: Запрос ReadProcessMemory или WriteProcessMemory был выполнен только частично. (0x12B)
[0227/182650.854:WARNING:pe_image_reader.cc(340)] could not read dos header from C:\WINDOWS\System32\WS2_32.dll
[0227/182650.854:ERROR:process_memory_win.cc(73)] ReadMemory at 0x7ff88a650000 of 64 bytes failed: Запрос ReadProcessMemory или WriteProcessMemory был выполнен только частично. (0x12B)
[0227/182650.854:WARNING:pe_image_reader.cc(340)] could not read dos header from C:\WINDOWS\System32\WS2_32.dll
[0227/182650.854:ERROR:process_memory_win.cc(73)] ReadMemory at 0x207a8240000 of 64 bytes failed: Запрос ReadProcessMemory или WriteProcessMemory был выполнен только частично. (0x12B)
[0227/182650.854:WARNING:pe_image_reader.cc(340)] could not read dos header from C:\WINDOWS\System32\OLEAUT32.dll
[0227/182650.854:ERROR:process_memory_win.cc(73)] ReadMemory at 0x207a8240000 of 64 bytes failed: Запрос ReadProcessMemory или WriteProcessMemory был выполнен только частично. (0x12B)
[0227/182650.854:WARNING:pe_image_reader.cc(340)] could not read dos header from C:\WINDOWS\System32\OLEAUT32.dll
[0227/182650.854:ERROR:process_memory_win.cc(73)] ReadMemory at 0x7ff8888b0000 of 64 bytes failed: Запрос ReadProcessMemory или WriteProcessMemory был выполнен только частично. (0x12B)
[0227/182650.854:WARNING:pe_image_reader.cc(340)] could not read dos header from C:\WINDOWS\System32\msvcp_win.dll
[0227/182650.854:ERROR:process_memory_win.cc(73)] ReadMemory at 0x7ff8888b0000 of 64 bytes failed: Запрос ReadProcessMemory или WriteProcessMemory был выполнен только частично. (0x12B)
[0227/182650.854:WARNING:pe_image_reader.cc(340)] could not read dos header from C:\WINDOWS\System32\msvcp_win.dll
[0227/182650.854:ERROR:process_memory_win.cc(73)] ReadMemory at 0x7ff888c50000 of 64 bytes failed: Запрос ReadProcessMemory или WriteProcessMemory был выполнен только частично. (0x12B)
[0227/182650.854:WARNING:pe_image_reader.cc(340)] could not read dos header from C:\WINDOWS\System32\ucrtbase.dll
[0227/182650.854:ERROR:process_memory_win.cc(73)] ReadMemory at 0x7ff888c50000 of 64 bytes failed: Запрос ReadProcessMemory или WriteProcessMemory был выполнен только частично. (0x12B)
[0227/182650.854:WARNING:pe_image_reader.cc(340)] could not read dos header from C:\WINDOWS\System32\ucrtbase.dll
[0227/182650.855:ERROR:process_memory_win.cc(73)] ReadMemory at 0x7ff88aff0000 of 64 bytes failed: Запрос ReadProcessMemory или WriteProcessMemory был выполнен только частично. (0x12B)
[0227/182650.855:WARNING:pe_image_reader.cc(340)] could not read dos header from C:\WINDOWS\System32\combase.dll
[0227/182650.855:ERROR:process_memory_win.cc(73)] ReadMemory at 0x7ff88aff0000 of 64 bytes failed: Запрос ReadProcessMemory или WriteProcessMemory был выполнен только частично. (0x12B)
[0227/182650.855:WARNING:pe_image_reader.cc(340)] could not read dos header from C:\WINDOWS\System32\combase.dll
[0227/182650.855:ERROR:process_memory_win.cc(73)] ReadMemory at 0x7ff888800000 of 64 bytes failed: Запрос ReadProcessMemory или WriteProcessMemory был выполнен только частично. (0x12B)
[0227/182650.855:WARNING:pe_image_reader.cc(340)] could not read dos header from C:\WINDOWS\System32\WINTRUST.dll
[0227/182650.855:ERROR:process_memory_win.cc(73)] ReadMemory at 0x7ff888800000 of 64 bytes failed: Запрос ReadProcessMemory или WriteProcessMemory был выполнен только частично. (0x12B)
[0227/182650.855:WARNING:pe_image_reader.cc(340)] could not read dos header from C:\WINDOWS\System32\WINTRUST.dll
[0227/182650.855:ERROR:process_memory_win.cc(73)] ReadMemory at 0x7ff888730000 of 64 bytes failed: Запрос ReadProcessMemory или WriteProcessMemory был выполнен только частично. (0x12B)
[0227/182650.855:WARNING:pe_image_reader.cc(340)] could not read dos header from C:\WINDOWS\System32\MSASN1.dll
[0227/182650.855:ERROR:process_memory_win.cc(73)] ReadMemory at 0x7ff888730000 of 64 bytes failed: Запрос ReadProcessMemory или WriteProcessMemory был выполнен только частично. (0x12B)
[0227/182650.855:WARNING:pe_image_reader.cc(340)] could not read dos header from C:\WINDOWS\System32\MSASN1.dll
[0227/182650.855:ERROR:process_memory_win.cc(73)] ReadMemory at 0x7ff889720000 of 64 bytes failed: Запрос ReadProcessMemory или WriteProcessMemory был выполнен только частично. (0x12B)
[0227/182650.855:WARNING:pe_image_reader.cc(340)] could not read dos header from C:\WINDOWS\System32\CRYPT32.dll
[0227/182650.855:ERROR:process_memory_win.cc(73)] ReadMemory at 0x7ff889720000 of 64 bytes failed: Запрос ReadProcessMemory или WriteProcessMemory был выполнен только частично. (0x12B)
[0227/182650.855:WARNING:pe_image_reader.cc(340)] could not read dos header from C:\WINDOWS\System32\CRYPT32.dll
[0227/182650.855:ERROR:process_memory_win.cc(73)] ReadMemory at 0x7ff887bb0000 of 64 bytes failed: Запрос ReadProcessMemory или WriteProcessMemory был выполнен только частично. (0x12B)
[0227/182650.855:WARNING:pe_image_reader.cc(340)] could not read dos header from C:\WINDOWS\SYSTEM32\IPHLPAPI.DLL
[0227/182650.855:ERROR:process_memory_win.cc(73)] ReadMemory at 0x7ff887bb0000 of 64 bytes failed: Запрос ReadProcessMemory или WriteProcessMemory был выполнен только частично. (0x12B)
[0227/182650.855:WARNING:pe_image_reader.cc(340)] could not read dos header from C:\WINDOWS\SYSTEM32\IPHLPAPI.DLL
[0227/182650.855:ERROR:process_memory_win.cc(73)] ReadMemory at 0x7ff886730000 of 64 bytes failed: Запрос ReadProcessMemory или WriteProcessMemory был выполнен только частично. (0x12B)
[0227/182650.855:WARNING:pe_image_reader.cc(340)] could not read dos header from C:\WINDOWS\SYSTEM32\WINMM.dll
[0227/182650.855:ERROR:process_memory_win.cc(73)] ReadMemory at 0x7ff886730000 of 64 bytes failed: Запрос ReadProcessMemory или WriteProcessMemory был выполнен только частично. (0x12B)
[0227/182650.855:WARNING:pe_image_reader.cc(340)] could not read dos header from C:\WINDOWS\SYSTEM32\WINMM.dll
[0227/182650.855:ERROR:process_memory_win.cc(73)] ReadMemory at 0x7ff87b420000 of 64 bytes failed: Запрос ReadProcessMemory или WriteProcessMemory был выполнен только частично. (0x12B)
[0227/182650.855:WARNING:pe_image_reader.cc(340)] could not read dos header from C:\WINDOWS\SYSTEM32\Secur32.dll
[0227/182650.855:ERROR:process_memory_win.cc(73)] ReadMemory at 0x7ff87b420000 of 64 bytes failed: Запрос ReadProcessMemory или WriteProcessMemory был выполнен только частично. (0x12B)
[0227/182650.855:WARNING:pe_image_reader.cc(340)] could not read dos header from C:\WINDOWS\SYSTEM32\Secur32.dll
[0227/182650.855:ERROR:process_memory_win.cc(73)] ReadMemory at 0x7ff8885b0000 of 64 bytes failed: Запрос ReadProcessMemory или WriteProcessMemory был выполнен только частично. (0x12B)
[0227/182650.855:WARNING:pe_image_reader.cc(340)] could not read dos header from C:\WINDOWS\SYSTEM32\USERENV.dll
[0227/182650.855:ERROR:process_memory_win.cc(73)] ReadMemory at 0x7ff8885b0000 of 64 bytes failed: Запрос ReadProcessMemory или WriteProcessMemory был выполнен только частично. (0x12B)
[0227/182650.855:WARNING:pe_image_reader.cc(340)] could not read dos header from C:\WINDOWS\SYSTEM32\USERENV.dll
[0227/182650.855:ERROR:process_memory_win.cc(73)] ReadMemory at 0x7ff8886f0000 of 64 bytes failed: Запрос ReadProcessMemory или WriteProcessMemory был выполнен только частично. (0x12B)
[0227/182650.855:WARNING:pe_image_reader.cc(340)] could not read dos header from C:\WINDOWS\System32\profapi.dll
[0227/182650.855:ERROR:process_memory_win.cc(73)] ReadMemory at 0x7ff8886f0000 of 64 bytes failed: Запрос ReadProcessMemory или WriteProcessMemory был выполнен только частично. (0x12B)
[0227/182650.855:WARNING:pe_image_reader.cc(340)] could not read dos header from C:\WINDOWS\System32\profapi.dll
[0227/182650.855:ERROR:process_memory_win.cc(73)] ReadMemory at 0x7ff866c70000 of 64 bytes failed: Запрос ReadProcessMemory или WriteProcessMemory был выполнен только частично. (0x12B)
[0227/182650.855:WARNING:pe_image_reader.cc(340)] could not read dos header from C:\WINDOWS\SYSTEM32\UIAutomationCore.DLL
[0227/182650.855:ERROR:process_memory_win.cc(73)] ReadMemory at 0x7ff866c70000 of 64 bytes failed: Запрос ReadProcessMemory или WriteProcessMemory был выполнен только частично. (0x12B)
[0227/182650.855:WARNING:pe_image_reader.cc(340)] could not read dos header from C:\WINDOWS\SYSTEM32\UIAutomationCore.DLL
[0227/182650.855:ERROR:process_memory_win.cc(73)] ReadMemory at 0x7ff876d00000 of 64 bytes failed: Запрос ReadProcessMemory или WriteProcessMemory был выполнен только частично. (0x12B)
[0227/182650.855:WARNING:pe_image_reader.cc(340)] could not read dos header from C:\WINDOWS\SYSTEM32\DWrite.dll
[0227/182650.855:ERROR:process_memory_win.cc(73)] ReadMemory at 0x7ff876d00000 of 64 bytes failed: Запрос ReadProcessMemory или WriteProcessMemory был выполнен только частично. (0x12B)
[0227/182650.855:WARNING:pe_image_reader.cc(340)] could not read dos header from C:\WINDOWS\SYSTEM32\DWrite.dll
[0227/182650.855:ERROR:process_memory_win.cc(73)] ReadMemory at 0x7ff881960000 of 64 bytes failed: Запрос ReadProcessMemory или WriteProcessMemory был выполнен только частично. (0x12B)
[0227/182650.855:WARNING:pe_image_reader.cc(340)] could not read dos header from C:\WINDOWS\SYSTEM32\WINSPOOL.DRV
[0227/182650.855:ERROR:process_memory_win.cc(73)] ReadMemory at 0x7ff881960000 of 64 bytes failed: Запрос ReadProcessMemory или WriteProcessMemory был выполнен только частично. (0x12B)
[0227/182650.855:WARNING:pe_image_reader.cc(340)] could not read dos header from C:\WINDOWS\SYSTEM32\WINSPOOL.DRV
[0227/182650.855:ERROR:process_memory_win.cc(73)] ReadMemory at 0x7ff888710000 of 64 bytes failed: Запрос ReadProcessMemory или WriteProcessMemory был выполнен только частично. (0x12B)
[0227/182650.855:WARNING:pe_image_reader.cc(340)] could not read dos header from C:\WINDOWS\System32\kernel.appcore.dll
[0227/182650.855:ERROR:process_memory_win.cc(73)] ReadMemory at 0x7ff888710000 of 64 bytes failed: Запрос ReadProcessMemory или WriteProcessMemory был выполнен только частично. (0x12B)
[0227/182650.855:WARNING:pe_image_reader.cc(340)] could not read dos header from C:\WINDOWS\System32\kernel.appcore.dll
[0227/182650.855:ERROR:process_memory_win.cc(73)] ReadMemory at 0x7ff888c20000 of 64 bytes failed: Запрос ReadProcessMemory или WriteProcessMemory был выполнен только частично. (0x12B)
[0227/182650.855:WARNING:pe_image_reader.cc(340)] could not read dos header from C:\WINDOWS\System32\bcrypt.dll
[0227/182650.856:ERROR:process_memory_win.cc(73)] ReadMemory at 0x7ff888c20000 of 64 bytes failed: Запрос ReadProcessMemory или WriteProcessMemory был выполнен только частично. (0x12B)
[0227/182650.856:WARNING:pe_image_reader.cc(340)] could not read dos header from C:\WINDOWS\System32\bcrypt.dll
[0227/182650.856:ERROR:process_memory_win.cc(73)] ReadMemory at 0x7ff8721a0000 of 64 bytes failed: Запрос ReadProcessMemory или WriteProcessMemory был выполнен только частично. (0x12B)
[0227/182650.856:WARNING:pe_image_reader.cc(340)] could not read dos header from C:\WINDOWS\SYSTEM32\dbghelp.dll
[0227/182650.856:ERROR:process_memory_win.cc(73)] ReadMemory at 0x7ff8721a0000 of 64 bytes failed: Запрос ReadProcessMemory или WriteProcessMemory был выполнен только частично. (0x12B)
[0227/182650.856:WARNING:pe_image_reader.cc(340)] could not read dos header from C:\WINDOWS\SYSTEM32\dbghelp.dll
[0227/182650.856:ERROR:process_memory_win.cc(73)] ReadMemory at 0x7ff880310000 of 64 bytes failed: Запрос ReadProcessMemory или WriteProcessMemory был выполнен только частично. (0x12B)
[0227/182650.856:WARNING:pe_image_reader.cc(340)] could not read dos header from C:\WINDOWS\SYSTEM32\WINHTTP.dll
[0227/182650.856:ERROR:process_memory_win.cc(73)] ReadMemory at 0x7ff880310000 of 64 bytes failed: Запрос ReadProcessMemory или WriteProcessMemory был выполнен только частично. (0x12B)
[0227/182650.856:WARNING:pe_image_reader.cc(340)] could not read dos header from C:\WINDOWS\SYSTEM32\WINHTTP.dll
[0227/182650.856:ERROR:process_memory_win.cc(73)] ReadMemory at 0x7ff883350000 of 64 bytes failed: Запрос ReadProcessMemory или WriteProcessMemory был выполнен только частично. (0x12B)
[0227/182650.856:WARNING:pe_image_reader.cc(340)] could not read dos header from C:\WINDOWS\SYSTEM32\dhcpcsvc.DLL
[0227/182650.856:ERROR:process_memory_win.cc(73)] ReadMemory at 0x7ff883350000 of 64 bytes failed: Запрос ReadProcessMemory или WriteProcessMemory был выполнен только частично. (0x12B)
[0227/182650.856:WARNING:pe_image_reader.cc(340)] could not read dos header from C:\WINDOWS\SYSTEM32\dhcpcsvc.DLL
[0227/182650.856:ERROR:process_memory_win.cc(73)] ReadMemory at 0x7ff88a1c0000 of 64 bytes failed: Запрос ReadProcessMemory или WriteProcessMemory был выполнен только частично. (0x12B)
[0227/182650.856:WARNING:pe_image_reader.cc(340)] could not read dos header from C:\WINDOWS\System32\NSI.dll
[0227/182650.856:ERROR:process_memory_win.cc(73)] ReadMemory at 0x7ff88a1c0000 of 64 bytes failed: Запрос ReadProcessMemory или WriteProcessMemory был выполнен только частично. (0x12B)
[0227/182650.856:WARNING:pe_image_reader.cc(340)] could not read dos header from C:\WINDOWS\System32\NSI.dll
[0227/182650.856:ERROR:process_memory_win.cc(73)] ReadMemory at 0x7ff886390000 of 64 bytes failed: Запрос ReadProcessMemory или WriteProcessMemory был выполнен только частично. (0x12B)
[0227/182650.856:WARNING:pe_image_reader.cc(340)] could not read dos header from C:\WINDOWS\SYSTEM32\WINMMBASE.dll
[0227/182650.856:ERROR:process_memory_win.cc(73)] ReadMemory at 0x7ff886390000 of 64 bytes failed: Запрос ReadProcessMemory или WriteProcessMemory был выполнен только частично. (0x12B)
[0227/182650.856:WARNING:pe_image_reader.cc(340)] could not read dos header from C:\WINDOWS\SYSTEM32\WINMMBASE.dll
[0227/182650.856:ERROR:process_memory_win.cc(73)] ReadMemory at 0x7ff888860000 of 64 bytes failed: Запрос ReadProcessMemory или WriteProcessMemory был выполнен только частично. (0x12B)
[0227/182650.856:WARNING:pe_image_reader.cc(340)] could not read dos header from C:\WINDOWS\System32\cfgmgr32.dll
[0227/182650.856:ERROR:process_memory_win.cc(73)] ReadMemory at 0x7ff888860000 of 64 bytes failed: Запрос ReadProcessMemory или WriteProcessMemory был выполнен только частично. (0x12B)
[0227/182650.856:WARNING:pe_image_reader.cc(340)] could not read dos header from C:\WINDOWS\System32\cfgmgr32.dll
[0227/182650.856:ERROR:process_memory_win.cc(73)] ReadMemory at 0x7ff8856f0000 of 64 bytes failed: Запрос ReadProcessMemory или WriteProcessMemory был выполнен только частично. (0x12B)
[0227/182650.856:WARNING:pe_image_reader.cc(340)] could not read dos header from C:\WINDOWS\SYSTEM32\PROPSYS.dll
[0227/182650.856:ERROR:process_memory_win.cc(73)] ReadMemory at 0x7ff8856f0000 of 64 bytes failed: Запрос ReadProcessMemory или WriteProcessMemory был выполнен только частично. (0x12B)
[0227/182650.856:WARNING:pe_image_reader.cc(340)] could not read dos header from C:\WINDOWS\SYSTEM32\PROPSYS.dll
[0227/182650.856:ERROR:process_memory_win.cc(73)] ReadMemory at 0x7ff88a290000 of 64 bytes failed: Запрос ReadProcessMemory или WriteProcessMemory был выполнен только частично. (0x12B)
[0227/182650.856:WARNING:pe_image_reader.cc(340)] could not read dos header from C:\WINDOWS\System32\shcore.dll
[0227/182650.856:ERROR:process_memory_win.cc(73)] ReadMemory at 0x7ff88a290000 of 64 bytes failed: Запрос ReadProcessMemory или WriteProcessMemory был выполнен только частично. (0x12B)
[0227/182650.856:WARNING:pe_image_reader.cc(340)] could not read dos header from C:\WINDOWS\System32\shcore.dll
[0227/182650.856:ERROR:process_memory_win.cc(73)] ReadMemory at 0x7ff888580000 of 64 bytes failed: Запрос ReadProcessMemory или WriteProcessMemory был выполнен только частично. (0x12B)
[0227/182650.856:WARNING:pe_image_reader.cc(340)] could not read dos header from C:\WINDOWS\SYSTEM32\SSPICLI.DLL
[0227/182650.856:ERROR:process_memory_win.cc(73)] ReadMemory at 0x7ff888580000 of 64 bytes failed: Запрос ReadProcessMemory или WriteProcessMemory был выполнен только частично. (0x12B)
[0227/182650.856:WARNING:pe_image_reader.cc(340)] could not read dos header from C:\WINDOWS\SYSTEM32\SSPICLI.DLL
[0227/182650.856:ERROR:process_memory_win.cc(73)] ReadMemory at 0x7ff888070000 of 64 bytes failed: Запрос ReadProcessMemory или WriteProcessMemory был выполнен только частично. (0x12B)
[0227/182650.856:WARNING:pe_image_reader.cc(340)] could not read dos header from C:\WINDOWS\SYSTEM32\CRYPTBASE.DLL
[0227/182650.856:ERROR:process_memory_win.cc(73)] ReadMemory at 0x7ff888070000 of 64 bytes failed: Запрос ReadProcessMemory или WriteProcessMemory был выполнен только частично. (0x12B)
[0227/182650.856:WARNING:pe_image_reader.cc(340)] could not read dos header from C:\WINDOWS\SYSTEM32\CRYPTBASE.DLL
[0227/182650.856:ERROR:process_memory_win.cc(73)] ReadMemory at 0x7ff88b925fe8 of 8 bytes failed: Запрос ReadProcessMemory или WriteProcessMemory был выполнен только частично. (0x12B)
[0227/182650.856:ERROR:process_snapshot_win.cc(311)] failed to read target address
[0227/182650.857:ERROR:process_memory_win.cc(73)] ReadMemory at 0x7ff67dc70000 of 64 bytes failed: Запрос ReadProcessMemory или WriteProcessMemory был выполнен только частично. (0x12B)
[0227/182650.858:WARNING:pe_image_reader.cc(340)] could not read dos header from C:\Program Files (x86)\Google\Chrome\Application\chrome.exe
[0227/182650.858:ERROR:process_memory_win.cc(73)] ReadMemory at 0x7ff88b7c0000 of 64 bytes failed: Запрос ReadProcessMemory или WriteProcessMemory был выполнен только частично. (0x12B)
[0227/182650.858:WARNING:pe_image_reader.cc(340)] could not read dos header from C:\WINDOWS\SYSTEM32\ntdll.dll
[0227/182650.858:ERROR:process_memory_win.cc(73)] ReadMemory at 0x7ff88b3e0000 of 64 bytes failed: Запрос ReadProcessMemory или WriteProcessMemory был выполнен только частично. (0x12B)
[0227/182650.858:WARNING:pe_image_reader.cc(340)] could not read dos header from C:\WINDOWS\System32\KERNEL32.DLL
[0227/182650.858:ERROR:process_memory_win.cc(73)] ReadMemory at 0x7ff888970000 of 64 bytes failed: Запрос ReadProcessMemory или WriteProcessMemory был выполнен только частично. (0x12B)
[0227/182650.858:WARNING:pe_image_reader.cc(340)] could not read dos header from C:\WINDOWS\System32\KERNELBASE.dll
[0227/182650.858:ERROR:process_memory_win.cc(73)] ReadMemory at 0x7ff85b7c0000 of 64 bytes failed: Запрос ReadProcessMemory или WriteProcessMemory был выполнен только частично. (0x12B)
[0227/182650.858:WARNING:pe_image_reader.cc(340)] could not read dos header from C:\Program Files (x86)\Google\Chrome\Application\80.0.3987.122\chrome_elf.dll
[0227/182650.858:ERROR:process_memory_win.cc(73)] ReadMemory at 0x7ff884a60000 of 64 bytes failed: Запрос ReadProcessMemory или WriteProcessMemory был выполнен только частично. (0x12B)
[0227/182650.858:WARNING:pe_image_reader.cc(340)] could not read dos header from C:\WINDOWS\SYSTEM32\VERSION.dll
[0227/182650.858:ERROR:process_memory_win.cc(73)] ReadMemory at 0x7ff88af50000 of 64 bytes failed: Запрос ReadProcessMemory или WriteProcessMemory был выполнен только частично. (0x12B)
[0227/182650.858:WARNING:pe_image_reader.cc(340)] could not read dos header from C:\WINDOWS\System32\msvcrt.dll
[0227/182650.858:ERROR:process_memory_win.cc(73)] ReadMemory at 0x7ff8894d0000 of 64 bytes failed: Запрос ReadProcessMemory или WriteProcessMemory был выполнен только частично. (0x12B)
[0227/182650.858:WARNING:pe_image_reader.cc(340)] could not read dos header from C:\WINDOWS\System32\bcryptPrimitives.dll
[0227/182650.858:ERROR:process_memory_win.cc(73)] ReadMemory at 0x7ff88b330000 of 64 bytes failed: Запрос ReadProcessMemory или WriteProcessMemory был выполнен только частично. (0x12B)
[0227/182650.858:WARNING:pe_image_reader.cc(340)] could not read dos header from C:\WINDOWS\System32\ADVAPI32.dll
[0227/182650.858:ERROR:process_memory_win.cc(73)] ReadMemory at 0x7ff88a370000 of 64 bytes failed: Запрос ReadProcessMemory или WriteProcessMemory был выполнен только частично. (0x12B)
[0227/182650.858:WARNING:pe_image_reader.cc(340)] could not read dos header from C:\WINDOWS\System32\sechost.dll
[0227/182650.858:ERROR:process_memory_win.cc(73)] ReadMemory at 0x7ff889ff0000 of 64 bytes failed: Запрос ReadProcessMemory или WriteProcessMemory был выполнен только частично. (0x12B)
[0227/182650.858:WARNING:pe_image_reader.cc(340)] could not read dos header from C:\WINDOWS\System32\RPCRT4.dll
[0227/182650.858:ERROR:process_memory_win.cc(73)] ReadMemory at 0x7ff82a240000 of 64 bytes failed: Запрос ReadProcessMemory или WriteProcessMemory был выполнен только частично. (0x12B)
[0227/182650.858:WARNING:pe_image_reader.cc(340)] could not read dos header from C:\Program Files (x86)\Google\Chrome\Application\80.0.3987.122\chrome.dll
[0227/182650.858:ERROR:process_memory_win.cc(73)] ReadMemory at 0x7ff88a650000 of 64 bytes failed: Запрос ReadProcessMemory или WriteProcessMemory был выполнен только частично. (0x12B)
[0227/182650.858:WARNING:pe_image_reader.cc(340)] could not read dos header from C:\WINDOWS\System32\WS2_32.dll
[0227/182650.858:ERROR:process_memory_win.cc(73)] ReadMemory at 0x207a8240000 of 64 bytes failed: Запрос ReadProcessMemory или WriteProcessMemory был выполнен только частично. (0x12B)
[0227/182650.858:WARNING:pe_image_reader.cc(340)] could not read dos header from C:\WINDOWS\System32\OLEAUT32.dll
[0227/182650.858:ERROR:process_memory_win.cc(73)] ReadMemory at 0x7ff8888b0000 of 64 bytes failed: Запрос ReadProcessMemory или WriteProcessMemory был выполнен только частично. (0x12B)
[0227/182650.858:WARNING:pe_image_reader.cc(340)] could not read dos header from C:\WINDOWS\System32\msvcp_win.dll
[0227/182650.858:ERROR:process_memory_win.cc(73)] ReadMemory at 0x7ff888c50000 of 64 bytes failed: Запрос ReadProcessMemory или WriteProcessMemory был выполнен только частично. (0x12B)
[0227/182650.858:WARNING:pe_image_reader.cc(340)] could not read dos header from C:\WINDOWS\System32\ucrtbase.dll
[0227/182650.858:ERROR:process_memory_win.cc(73)] ReadMemory at 0x7ff88aff0000 of 64 bytes failed: Запрос ReadProcessMemory или WriteProcessMemory был выполнен только частично. (0x12B)
[0227/182650.858:WARNING:pe_image_reader.cc(340)] could not read dos header from C:\WINDOWS\System32\combase.dll
[0227/182650.858:ERROR:process_memory_win.cc(73)] ReadMemory at 0x7ff888800000 of 64 bytes failed: Запрос ReadProcessMemory или WriteProcessMemory был выполнен только частично. (0x12B)
[0227/182650.858:WARNING:pe_image_reader.cc(340)] could not read dos header from C:\WINDOWS\System32\WINTRUST.dll
[0227/182650.858:ERROR:process_memory_win.cc(73)] ReadMemory at 0x7ff888730000 of 64 bytes failed: Запрос ReadProcessMemory или WriteProcessMemory был выполнен только частично. (0x12B)
[0227/182650.858:WARNING:pe_image_reader.cc(340)] could not read dos header from C:\WINDOWS\System32\MSASN1.dll
[0227/182650.858:ERROR:process_memory_win.cc(73)] ReadMemory at 0x7ff889720000 of 64 bytes failed: Запрос ReadProcessMemory или WriteProcessMemory был выполнен только частично. (0x12B)
[0227/182650.858:WARNING:pe_image_reader.cc(340)] could not read dos header from C:\WINDOWS\System32\CRYPT32.dll
[0227/182650.858:ERROR:process_memory_win.cc(73)] ReadMemory at 0x7ff887bb0000 of 64 bytes failed: Запрос ReadProcessMemory или WriteProcessMemory был выполнен только частично. (0x12B)
[0227/182650.858:WARNING:pe_image_reader.cc(340)] could not read dos header from C:\WINDOWS\SYSTEM32\IPHLPAPI.DLL
[0227/182650.858:ERROR:process_memory_win.cc(73)] ReadMemory at 0x7ff886730000 of 64 bytes failed: Запрос ReadProcessMemory или WriteProcessMemory был выполнен только частично. (0x12B)
[0227/182650.858:WARNING:pe_image_reader.cc(340)] could not read dos header from C:\WINDOWS\SYSTEM32\WINMM.dll
[0227/182650.858:ERROR:process_memory_win.cc(73)] ReadMemory at 0x7ff87b420000 of 64 bytes failed: Запрос ReadProcessMemory или WriteProcessMemory был выполнен только частично. (0x12B)
[0227/182650.858:WARNING:pe_image_reader.cc(340)] could not read dos header from C:\WINDOWS\SYSTEM32\Secur32.dll
[0227/182650.858:ERROR:process_memory_win.cc(73)] ReadMemory at 0x7ff8885b0000 of 64 bytes failed: Запрос ReadProcessMemory или WriteProcessMemory был выполнен только частично. (0x12B)
[0227/182650.858:WARNING:pe_image_reader.cc(340)] could not read dos header from C:\WINDOWS\SYSTEM32\USERENV.dll
[0227/182650.858:ERROR:process_memory_win.cc(73)] ReadMemory at 0x7ff8886f0000 of 64 bytes failed: Запрос ReadProcessMemory или WriteProcessMemory был выполнен только частично. (0x12B)
[0227/182650.858:WARNING:pe_image_reader.cc(340)] could not read dos header from C:\WINDOWS\System32\profapi.dll
[0227/182650.859:ERROR:process_memory_win.cc(73)] ReadMemory at 0x7ff866c70000 of 64 bytes failed: Запрос ReadProcessMemory или WriteProcessMemory был выполнен только частично. (0x12B)
[0227/182650.859:WARNING:pe_image_reader.cc(340)] could not read dos header from C:\WINDOWS\SYSTEM32\UIAutomationCore.DLL
[0227/182650.859:ERROR:process_memory_win.cc(73)] ReadMemory at 0x7ff876d00000 of 64 bytes failed: Запрос ReadProcessMemory или WriteProcessMemory был выполнен только частично. (0x12B)
[0227/182650.859:WARNING:pe_image_reader.cc(340)] could not read dos header from C:\WINDOWS\SYSTEM32\DWrite.dll
[0227/182650.859:ERROR:process_memory_win.cc(73)] ReadMemory at 0x7ff881960000 of 64 bytes failed: Запрос ReadProcessMemory или WriteProcessMemory был выполнен только частично. (0x12B)
[0227/182650.859:WARNING:pe_image_reader.cc(340)] could not read dos header from C:\WINDOWS\SYSTEM32\WINSPOOL.DRV
[0227/182650.859:ERROR:process_memory_win.cc(73)] ReadMemory at 0x7ff888710000 of 64 bytes failed: Запрос ReadProcessMemory или WriteProcessMemory был выполнен только частично. (0x12B)
[0227/182650.859:WARNING:pe_image_reader.cc(340)] could not read dos header from C:\WINDOWS\System32\kernel.appcore.dll
[0227/182650.859:ERROR:process_memory_win.cc(73)] ReadMemory at 0x7ff888c20000 of 64 bytes failed: Запрос ReadProcessMemory или WriteProcessMemory был выполнен только частично. (0x12B)
[0227/182650.859:WARNING:pe_image_reader.cc(340)] could not read dos header from C:\WINDOWS\System32\bcrypt.dll
[0227/182650.859:ERROR:process_memory_win.cc(73)] ReadMemory at 0x7ff8721a0000 of 64 bytes failed: Запрос ReadProcessMemory или WriteProcessMemory был выполнен только частично. (0x12B)
[0227/182650.859:WARNING:pe_image_reader.cc(340)] could not read dos header from C:\WINDOWS\SYSTEM32\dbghelp.dll
[0227/182650.859:ERROR:process_memory_win.cc(73)] ReadMemory at 0x7ff880310000 of 64 bytes failed: Запрос ReadProcessMemory или WriteProcessMemory был выполнен только частично. (0x12B)
[0227/182650.859:WARNING:pe_image_reader.cc(340)] could not read dos header from C:\WINDOWS\SYSTEM32\WINHTTP.dll
[0227/182650.859:ERROR:process_memory_win.cc(73)] ReadMemory at 0x7ff883350000 of 64 bytes failed: Запрос ReadProcessMemory или WriteProcessMemory был выполнен только частично. (0x12B)
[0227/182650.859:WARNING:pe_image_reader.cc(340)] could not read dos header from C:\WINDOWS\SYSTEM32\dhcpcsvc.DLL
[0227/182650.859:ERROR:process_memory_win.cc(73)] ReadMemory at 0x7ff88a1c0000 of 64 bytes failed: Запрос ReadProcessMemory или WriteProcessMemory был выполнен только частично. (0x12B)
[0227/182650.859:WARNING:pe_image_reader.cc(340)] could not read dos header from C:\WINDOWS\System32\NSI.dll
[0227/182650.859:ERROR:process_memory_win.cc(73)] ReadMemory at 0x7ff886390000 of 64 bytes failed: Запрос ReadProcessMemory или WriteProcessMemory был выполнен только частично. (0x12B)
[0227/182650.859:WARNING:pe_image_reader.cc(340)] could not read dos header from C:\WINDOWS\SYSTEM32\WINMMBASE.dll
[0227/182650.859:ERROR:process_memory_win.cc(73)] ReadMemory at 0x7ff888860000 of 64 bytes failed: Запрос ReadProcessMemory или WriteProcessMemory был выполнен только частично. (0x12B)
[0227/182650.859:WARNING:pe_image_reader.cc(340)] could not read dos header from C:\WINDOWS\System32\cfgmgr32.dll
[0227/182650.859:ERROR:process_memory_win.cc(73)] ReadMemory at 0x7ff8856f0000 of 64 bytes failed: Запрос ReadProcessMemory или WriteProcessMemory был выполнен только частично. (0x12B)
[0227/182650.859:WARNING:pe_image_reader.cc(340)] could not read dos header from C:\WINDOWS\SYSTEM32\PROPSYS.dll
[0227/182650.859:ERROR:process_memory_win.cc(73)] ReadMemory at 0x7ff88a290000 of 64 bytes failed: Запрос ReadProcessMemory или WriteProcessMemory был выполнен только частично. (0x12B)
[0227/182650.859:WARNING:pe_image_reader.cc(340)] could not read dos header from C:\WINDOWS\System32\shcore.dll
[0227/182650.859:ERROR:process_memory_win.cc(73)] ReadMemory at 0x7ff888580000 of 64 bytes failed: Запрос ReadProcessMemory или WriteProcessMemory был выполнен только частично. (0x12B)
[0227/182650.859:WARNING:pe_image_reader.cc(340)] could not read dos header from C:\WINDOWS\SYSTEM32\SSPICLI.DLL
[0227/182650.859:ERROR:process_memory_win.cc(73)] ReadMemory at 0x7ff888070000 of 64 bytes failed: Запрос ReadProcessMemory или WriteProcessMemory был выполнен только частично. (0x12B)
[0227/182650.859:WARNING:pe_image_reader.cc(340)] could not read dos header from C:\WINDOWS\SYSTEM32\CRYPTBASE.DLL
[0227/182650.859:ERROR:process_memory_win.cc(73)] ReadMemory at 0x7ff67dc70000 of 64 bytes failed: Запрос ReadProcessMemory или WriteProcessMemory был выполнен только частично. (0x12B)
[0227/182650.859:WARNING:pe_image_reader.cc(340)] could not read dos header from C:\Program Files (x86)\Google\Chrome\Application\chrome.exe
[0227/182650.859:ERROR:process_memory_win.cc(73)] ReadMemory at 0x7ff67dc70000 of 64 bytes failed: Запрос ReadProcessMemory или WriteProcessMemory был выполнен только частично. (0x12B)
[0227/182650.859:WARNING:pe_image_reader.cc(340)] could not read dos header from C:\Program Files (x86)\Google\Chrome\Application\chrome.exe
[0227/182650.859:ERROR:process_memory_win.cc(73)] ReadMemory at 0x7ff88b7c0000 of 64 bytes failed: Запрос ReadProcessMemory или WriteProcessMemory был выполнен только частично. (0x12B)
[0227/182650.859:WARNING:pe_image_reader.cc(340)] could not read dos header from C:\WINDOWS\SYSTEM32\ntdll.dll
[0227/182650.859:ERROR:process_memory_win.cc(73)] ReadMemory at 0x7ff88b7c0000 of 64 bytes failed: Запрос ReadProcessMemory или WriteProcessMemory был выполнен только частично. (0x12B)
[0227/182650.859:WARNING:pe_image_reader.cc(340)] could not read dos header from C:\WINDOWS\SYSTEM32\ntdll.dll
[0227/182650.859:ERROR:process_memory_win.cc(73)] ReadMemory at 0x7ff88b3e0000 of 64 bytes failed: Запрос ReadProcessMemory или WriteProcessMemory был выполнен только частично. (0x12B)
[0227/182650.859:WARNING:pe_image_reader.cc(340)] could not read dos header from C:\WINDOWS\System32\KERNEL32.DLL
[0227/182650.859:ERROR:process_memory_win.cc(73)] ReadMemory at 0x7ff88b3e0000 of 64 bytes failed: Запрос ReadProcessMemory или WriteProcessMemory был выполнен только частично. (0x12B)
[0227/182650.859:WARNING:pe_image_reader.cc(340)] could not read dos header from C:\WINDOWS\System32\KERNEL32.DLL
[0227/182650.859:ERROR:process_memory_win.cc(73)] ReadMemory at 0x7ff888970000 of 64 bytes failed: Запрос ReadProcessMemory или WriteProcessMemory был выполнен только частично. (0x12B)
[0227/182650.859:WARNING:pe_image_reader.cc(340)] could not read dos header from C:\WINDOWS\System32\KERNELBASE.dll
[0227/182650.859:ERROR:process_memory_win.cc(73)] ReadMemory at 0x7ff888970000 of 64 bytes failed: Запрос ReadProcessMemory или WriteProcessMemory был выполнен только частично. (0x12B)
[0227/182650.859:WARNING:pe_image_reader.cc(340)] could not read dos header from C:\WINDOWS\System32\KERNELBASE.dll
[0227/182650.859:ERROR:process_memory_win.cc(73)] ReadMemory at 0x7ff85b7c0000 of 64 bytes failed: Запрос ReadProcessMemory или WriteProcessMemory был выполнен только частично. (0x12B)
[0227/182650.859:WARNING:pe_image_reader.cc(340)] could not read dos header from C:\Program Files (x86)\Google\Chrome\Application\80.0.3987.122\chrome_elf.dll
[0227/182650.859:ERROR:process_memory_win.cc(73)] ReadMemory at 0x7ff85b7c0000 of 64 bytes failed: Запрос ReadProcessMemory или WriteProcessMemory был выполнен только частично. (0x12B)
[0227/182650.859:WARNING:pe_image_reader.cc(340)] could not read dos header from C:\Program Files (x86)\Google\Chrome\Application\80.0.3987.122\chrome_elf.dll
[0227/182650.859:ERROR:process_memory_win.cc(73)] ReadMemory at 0x7ff884a60000 of 64 bytes failed: Запрос ReadProcessMemory или WriteProcessMemory был выполнен только частично. (0x12B)
[0227/182650.859:WARNING:pe_image_reader.cc(340)] could not read dos header from C:\WINDOWS\SYSTEM32\VERSION.dll
[0227/182650.860:ERROR:process_memory_win.cc(73)] ReadMemory at 0x7ff884a60000 of 64 bytes failed: Запрос ReadProcessMemory или WriteProcessMemory был выполнен только частично. (0x12B)
[0227/182650.860:WARNING:pe_image_reader.cc(340)] could not read dos header from C:\WINDOWS\SYSTEM32\VERSION.dll
[0227/182650.860:ERROR:process_memory_win.cc(73)] ReadMemory at 0x7ff88af50000 of 64 bytes failed: Запрос ReadProcessMemory или WriteProcessMemory был выполнен только частично. (0x12B)
[0227/182650.860:WARNING:pe_image_reader.cc(340)] could not read dos header from C:\WINDOWS\System32\msvcrt.dll
[0227/182650.860:ERROR:process_memory_win.cc(73)] ReadMemory at 0x7ff88af50000 of 64 bytes failed: Запрос ReadProcessMemory или WriteProcessMemory был выполнен только частично. (0x12B)
[0227/182650.860:WARNING:pe_image_reader.cc(340)] could not read dos header from C:\WINDOWS\System32\msvcrt.dll
[0227/182650.860:ERROR:process_memory_win.cc(73)] ReadMemory at 0x7ff8894d0000 of 64 bytes failed: Запрос ReadProcessMemory или WriteProcessMemory был выполнен только частично. (0x12B)
[0227/182650.860:WARNING:pe_image_reader.cc(340)] could not read dos header from C:\WINDOWS\System32\bcryptPrimitives.dll
[0227/182650.860:ERROR:process_memory_win.cc(73)] ReadMemory at 0x7ff8894d0000 of 64 bytes failed: Запрос ReadProcessMemory или WriteProcessMemory был выполнен только частично. (0x12B)
[0227/182650.860:WARNING:pe_image_reader.cc(340)] could not read dos header from C:\WINDOWS\System32\bcryptPrimitives.dll
[0227/182650.860:ERROR:process_memory_win.cc(73)] ReadMemory at 0x7ff88b330000 of 64 bytes failed: Запрос ReadProcessMemory или WriteProcessMemory был выполнен только частично. (0x12B)
[0227/182650.860:WARNING:pe_image_reader.cc(340)] could not read dos header from C:\WINDOWS\System32\ADVAPI32.dll
[0227/182650.860:ERROR:process_memory_win.cc(73)] ReadMemory at 0x7ff88b330000 of 64 bytes failed: Запрос ReadProcessMemory или WriteProcessMemory был выполнен только частично. (0x12B)
[0227/182650.860:WARNING:pe_image_reader.cc(340)] could not read dos header from C:\WINDOWS\System32\ADVAPI32.dll
[0227/182650.860:ERROR:process_memory_win.cc(73)] ReadMemory at 0x7ff88a370000 of 64 bytes failed: Запрос ReadProcessMemory или WriteProcessMemory был выполнен только частично. (0x12B)
[0227/182650.860:WARNING:pe_image_reader.cc(340)] could not read dos header from C:\WINDOWS\System32\sechost.dll
[0227/182650.860:ERROR:process_memory_win.cc(73)] ReadMemory at 0x7ff88a370000 of 64 bytes failed: Запрос ReadProcessMemory или WriteProcessMemory был выполнен только частично. (0x12B)
[0227/182650.860:WARNING:pe_image_reader.cc(340)] could not read dos header from C:\WINDOWS\System32\sechost.dll
[0227/182650.860:ERROR:process_memory_win.cc(73)] ReadMemory at 0x7ff889ff0000 of 64 bytes failed: Запрос ReadProcessMemory или WriteProcessMemory был выполнен только частично. (0x12B)
[0227/182650.860:WARNING:pe_image_reader.cc(340)] could not read dos header from C:\WINDOWS\System32\RPCRT4.dll
[0227/182650.860:ERROR:process_memory_win.cc(73)] ReadMemory at 0x7ff889ff0000 of 64 bytes failed: Запрос ReadProcessMemory или WriteProcessMemory был выполнен только частично. (0x12B)
[0227/182650.860:WARNING:pe_image_reader.cc(340)] could not read dos header from C:\WINDOWS\System32\RPCRT4.dll
[0227/182650.860:ERROR:process_memory_win.cc(73)] ReadMemory at 0x7ff82a240000 of 64 bytes failed: Запрос ReadProcessMemory или WriteProcessMemory был выполнен только частично. (0x12B)
[0227/182650.860:WARNING:pe_image_reader.cc(340)] could not read dos header from C:\Program Files (x86)\Google\Chrome\Application\80.0.3987.122\chrome.dll
[0227/182650.860:ERROR:process_memory_win.cc(73)] ReadMemory at 0x7ff82a240000 of 64 bytes failed: Запрос ReadProcessMemory или WriteProcessMemory был выполнен только частично. (0x12B)
[0227/182650.860:WARNING:pe_image_reader.cc(340)] could not read dos header from C:\Program Files (x86)\Google\Chrome\Application\80.0.3987.122\chrome.dll
[0227/182650.860:ERROR:process_memory_win.cc(73)] ReadMemory at 0x7ff88a650000 of 64 bytes failed: Запрос ReadProcessMemory или WriteProcessMemory был выполнен только частично. (0x12B)
[0227/182650.860:WARNING:pe_image_reader.cc(340)] could not read dos header from C:\WINDOWS\System32\WS2_32.dll
[0227/182650.860:ERROR:process_memory_win.cc(73)] ReadMemory at 0x7ff88a650000 of 64 bytes failed: Запрос ReadProcessMemory или WriteProcessMemory был выполнен только частично. (0x12B)
[0227/182650.860:WARNING:pe_image_reader.cc(340)] could not read dos header from C:\WINDOWS\System32\WS2_32.dll
[0227/182650.860:ERROR:process_memory_win.cc(73)] ReadMemory at 0x207a8240000 of 64 bytes failed: Запрос ReadProcessMemory или WriteProcessMemory был выполнен только частично. (0x12B)
[0227/182650.860:WARNING:pe_image_reader.cc(340)] could not read dos header from C:\WINDOWS\System32\OLEAUT32.dll
[0227/182650.860:ERROR:process_memory_win.cc(73)] ReadMemory at 0x207a8240000 of 64 bytes failed: Запрос ReadProcessMemory или WriteProcessMemory был выполнен только частично. (0x12B)
[0227/182650.860:WARNING:pe_image_reader.cc(340)] could not read dos header from C:\WINDOWS\System32\OLEAUT32.dll
[0227/182650.860:ERROR:process_memory_win.cc(73)] ReadMemory at 0x7ff8888b0000 of 64 bytes failed: Запрос ReadProcessMemory или WriteProcessMemory был выполнен только частично. (0x12B)
[0227/182650.860:WARNING:pe_image_reader.cc(340)] could not read dos header from C:\WINDOWS\System32\msvcp_win.dll
[0227/182650.860:ERROR:process_memory_win.cc(73)] ReadMemory at 0x7ff8888b0000 of 64 bytes failed: Запрос ReadProcessMemory или WriteProcessMemory был выполнен только частично. (0x12B)
[0227/182650.860:WARNING:pe_image_reader.cc(340)] could not read dos header from C:\WINDOWS\System32\msvcp_win.dll
[0227/182650.860:ERROR:process_memory_win.cc(73)] ReadMemory at 0x7ff888c50000 of 64 bytes failed: Запрос ReadProcessMemory или WriteProcessMemory был выполнен только частично. (0x12B)
[0227/182650.860:WARNING:pe_image_reader.cc(340)] could not read dos header from C:\WINDOWS\System32\ucrtbase.dll
[0227/182650.860:ERROR:process_memory_win.cc(73)] ReadMemory at 0x7ff888c50000 of 64 bytes failed: Запрос ReadProcessMemory или WriteProcessMemory был выполнен только частично. (0x12B)
[0227/182650.860:WARNING:pe_image_reader.cc(340)] could not read dos header from C:\WINDOWS\System32\ucrtbase.dll
[0227/182650.860:ERROR:process_memory_win.cc(73)] ReadMemory at 0x7ff88aff0000 of 64 bytes failed: Запрос ReadProcessMemory или WriteProcessMemory был выполнен только частично. (0x12B)
[0227/182650.860:WARNING:pe_image_reader.cc(340)] could not read dos header from C:\WINDOWS\System32\combase.dll
[0227/182650.860:ERROR:process_memory_win.cc(73)] ReadMemory at 0x7ff88aff0000 of 64 bytes failed: Запрос ReadProcessMemory или WriteProcessMemory был выполнен только частично. (0x12B)
[0227/182650.860:WARNING:pe_image_reader.cc(340)] could not read dos header from C:\WINDOWS\System32\combase.dll
[0227/182650.860:ERROR:process_memory_win.cc(73)] ReadMemory at 0x7ff888800000 of 64 bytes failed: Запрос ReadProcessMemory или WriteProcessMemory был выполнен только частично. (0x12B)
[0227/182650.860:WARNING:pe_image_reader.cc(340)] could not read dos header from C:\WINDOWS\System32\WINTRUST.dll
[0227/182650.860:ERROR:process_memory_win.cc(73)] ReadMemory at 0x7ff888800000 of 64 bytes failed: Запрос ReadProcessMemory или WriteProcessMemory был выполнен только частично. (0x12B)
[0227/182650.860:WARNING:pe_image_reader.cc(340)] could not read dos header from C:\WINDOWS\System32\WINTRUST.dll
[0227/182650.860:ERROR:process_memory_win.cc(73)] ReadMemory at 0x7ff888730000 of 64 bytes failed: Запрос ReadProcessMemory или WriteProcessMemory был выполнен только частично. (0x12B)
[0227/182650.860:WARNING:pe_image_reader.cc(340)] could not read dos header from C:\WINDOWS\System32\MSASN1.dll
[0227/182650.860:ERROR:process_memory_win.cc(73)] ReadMemory at 0x7ff888730000 of 64 bytes failed: Запрос ReadProcessMemory или WriteProcessMemory был выполнен только частично. (0x12B)
[0227/182650.861:WARNING:pe_image_reader.cc(340)] could not read dos header from C:\WINDOWS\System32\MSASN1.dll
[0227/182650.861:ERROR:process_memory_win.cc(73)] ReadMemory at 0x7ff889720000 of 64 bytes failed: Запрос ReadProcessMemory или WriteProcessMemory был выполнен только частично. (0x12B)
[0227/182650.861:WARNING:pe_image_reader.cc(340)] could not read dos header from C:\WINDOWS\System32\CRYPT32.dll
[0227/182650.861:ERROR:process_memory_win.cc(73)] ReadMemory at 0x7ff889720000 of 64 bytes failed: Запрос ReadProcessMemory или WriteProcessMemory был выполнен только частично. (0x12B)
[0227/182650.861:WARNING:pe_image_reader.cc(340)] could not read dos header from C:\WINDOWS\System32\CRYPT32.dll
[0227/182650.861:ERROR:process_memory_win.cc(73)] ReadMemory at 0x7ff887bb0000 of 64 bytes failed: Запрос ReadProcessMemory или WriteProcessMemory был выполнен только частично. (0x12B)
[0227/182650.861:WARNING:pe_image_reader.cc(340)] could not read dos header from C:\WINDOWS\SYSTEM32\IPHLPAPI.DLL
[0227/182650.861:ERROR:process_memory_win.cc(73)] ReadMemory at 0x7ff887bb0000 of 64 bytes failed: Запрос ReadProcessMemory или WriteProcessMemory был выполнен только частично. (0x12B)
[0227/182650.861:WARNING:pe_image_reader.cc(340)] could not read dos header from C:\WINDOWS\SYSTEM32\IPHLPAPI.DLL
[0227/182650.861:ERROR:process_memory_win.cc(73)] ReadMemory at 0x7ff886730000 of 64 bytes failed: Запрос ReadProcessMemory или WriteProcessMemory был выполнен только частично. (0x12B)
[0227/182650.861:WARNING:pe_image_reader.cc(340)] could not read dos header from C:\WINDOWS\SYSTEM32\WINMM.dll
[0227/182650.861:ERROR:process_memory_win.cc(73)] ReadMemory at 0x7ff886730000 of 64 bytes failed: Запрос ReadProcessMemory или WriteProcessMemory был выполнен только частично. (0x12B)
[0227/182650.861:WARNING:pe_image_reader.cc(340)] could not read dos header from C:\WINDOWS\SYSTEM32\WINMM.dll
[0227/182650.861:ERROR:process_memory_win.cc(73)] ReadMemory at 0x7ff87b420000 of 64 bytes failed: Запрос ReadProcessMemory или WriteProcessMemory был выполнен только частично. (0x12B)
[0227/182650.861:WARNING:pe_image_reader.cc(340)] could not read dos header from C:\WINDOWS\SYSTEM32\Secur32.dll
[0227/182650.861:ERROR:process_memory_win.cc(73)] ReadMemory at 0x7ff87b420000 of 64 bytes failed: Запрос ReadProcessMemory или WriteProcessMemory был выполнен только частично. (0x12B)
[0227/182650.861:WARNING:pe_image_reader.cc(340)] could not read dos header from C:\WINDOWS\SYSTEM32\Secur32.dll
[0227/182650.861:ERROR:process_memory_win.cc(73)] ReadMemory at 0x7ff8885b0000 of 64 bytes failed: Запрос ReadProcessMemory или WriteProcessMemory был выполнен только частично. (0x12B)
[0227/182650.861:WARNING:pe_image_reader.cc(340)] could not read dos header from C:\WINDOWS\SYSTEM32\USERENV.dll
[0227/182650.861:ERROR:process_memory_win.cc(73)] ReadMemory at 0x7ff8885b0000 of 64 bytes failed: Запрос ReadProcessMemory или WriteProcessMemory был выполнен только частично. (0x12B)
[0227/182650.861:WARNING:pe_image_reader.cc(340)] could not read dos header from C:\WINDOWS\SYSTEM32\USERENV.dll
[0227/182650.861:ERROR:process_memory_win.cc(73)] ReadMemory at 0x7ff8886f0000 of 64 bytes failed: Запрос ReadProcessMemory или WriteProcessMemory был выполнен только частично. (0x12B)
[0227/182650.861:WARNING:pe_image_reader.cc(340)] could not read dos header from C:\WINDOWS\System32\profapi.dll
[0227/182650.861:ERROR:process_memory_win.cc(73)] ReadMemory at 0x7ff8886f0000 of 64 bytes failed: Запрос ReadProcessMemory или WriteProcessMemory был выполнен только частично. (0x12B)
[0227/182650.861:WARNING:pe_image_reader.cc(340)] could not read dos header from C:\WINDOWS\System32\profapi.dll
[0227/182650.861:ERROR:process_memory_win.cc(73)] ReadMemory at 0x7ff866c70000 of 64 bytes failed: Запрос ReadProcessMemory или WriteProcessMemory был выполнен только частично. (0x12B)
[0227/182650.861:WARNING:pe_image_reader.cc(340)] could not read dos header from C:\WINDOWS\SYSTEM32\UIAutomationCore.DLL
[0227/182650.861:ERROR:process_memory_win.cc(73)] ReadMemory at 0x7ff866c70000 of 64 bytes failed: Запрос ReadProcessMemory или WriteProcessMemory был выполнен только частично. (0x12B)
[0227/182650.861:WARNING:pe_image_reader.cc(340)] could not read dos header from C:\WINDOWS\SYSTEM32\UIAutomationCore.DLL
[0227/182650.861:ERROR:process_memory_win.cc(73)] ReadMemory at 0x7ff876d00000 of 64 bytes failed: Запрос ReadProcessMemory или WriteProcessMemory был выполнен только частично. (0x12B)
[0227/182650.861:WARNING:pe_image_reader.cc(340)] could not read dos header from C:\WINDOWS\SYSTEM32\DWrite.dll
[0227/182650.861:ERROR:process_memory_win.cc(73)] ReadMemory at 0x7ff876d00000 of 64 bytes failed: Запрос ReadProcessMemory или WriteProcessMemory был выполнен только частично. (0x12B)
[0227/182650.861:WARNING:pe_image_reader.cc(340)] could not read dos header from C:\WINDOWS\SYSTEM32\DWrite.dll
[0227/182650.861:ERROR:process_memory_win.cc(73)] ReadMemory at 0x7ff881960000 of 64 bytes failed: Запрос ReadProcessMemory или WriteProcessMemory был выполнен только частично. (0x12B)
[0227/182650.861:WARNING:pe_image_reader.cc(340)] could not read dos header from C:\WINDOWS\SYSTEM32\WINSPOOL.DRV
[0227/182650.861:ERROR:process_memory_win.cc(73)] ReadMemory at 0x7ff881960000 of 64 bytes failed: Запрос ReadProcessMemory или WriteProcessMemory был выполнен только частично. (0x12B)
[0227/182650.861:WARNING:pe_image_reader.cc(340)] could not read dos header from C:\WINDOWS\SYSTEM32\WINSPOOL.DRV
[0227/182650.861:ERROR:process_memory_win.cc(73)] ReadMemory at 0x7ff888710000 of 64 bytes failed: Запрос ReadProcessMemory или WriteProcessMemory был выполнен только частично. (0x12B)
[0227/182650.861:WARNING:pe_image_reader.cc(340)] could not read dos header from C:\WINDOWS\System32\kernel.appcore.dll
[0227/182650.861:ERROR:process_memory_win.cc(73)] ReadMemory at 0x7ff888710000 of 64 bytes failed: Запрос ReadProcessMemory или WriteProcessMemory был выполнен только частично. (0x12B)
[0227/182650.861:WARNING:pe_image_reader.cc(340)] could not read dos header from C:\WINDOWS\System32\kernel.appcore.dll
[0227/182650.861:ERROR:process_memory_win.cc(73)] ReadMemory at 0x7ff888c20000 of 64 bytes failed: Запрос ReadProcessMemory или WriteProcessMemory был выполнен только частично. (0x12B)
[0227/182650.861:WARNING:pe_image_reader.cc(340)] could not read dos header from C:\WINDOWS\System32\bcrypt.dll
[0227/182650.861:ERROR:process_memory_win.cc(73)] ReadMemory at 0x7ff888c20000 of 64 bytes failed: Запрос ReadProcessMemory или WriteProcessMemory был выполнен только частично. (0x12B)
[0227/182650.861:WARNING:pe_image_reader.cc(340)] could not read dos header from C:\WINDOWS\System32\bcrypt.dll
[0227/182650.861:ERROR:process_memory_win.cc(73)] ReadMemory at 0x7ff8721a0000 of 64 bytes failed: Запрос ReadProcessMemory или WriteProcessMemory был выполнен только частично. (0x12B)
[0227/182650.861:WARNING:pe_image_reader.cc(340)] could not read dos header from C:\WINDOWS\SYSTEM32\dbghelp.dll
[0227/182650.861:ERROR:process_memory_win.cc(73)] ReadMemory at 0x7ff8721a0000 of 64 bytes failed: Запрос ReadProcessMemory или WriteProcessMemory был выполнен только частично. (0x12B)
[0227/182650.861:WARNING:pe_image_reader.cc(340)] could not read dos header from C:\WINDOWS\SYSTEM32\dbghelp.dll
[0227/182650.861:ERROR:process_memory_win.cc(73)] ReadMemory at 0x7ff880310000 of 64 bytes failed: Запрос ReadProcessMemory или WriteProcessMemory был выполнен только частично. (0x12B)
[0227/182650.861:WARNING:pe_image_reader.cc(340)] could not read dos header from C:\WINDOWS\SYSTEM32\WINHTTP.dll
[0227/182650.861:ERROR:process_memory_win.cc(73)] ReadMemory at 0x7ff880310000 of 64 bytes failed: Запрос ReadProcessMemory или WriteProcessMemory был выполнен только частично. (0x12B)
[0227/182650.861:WARNING:pe_image_reader.cc(340)] could not read dos header from C:\WINDOWS\SYSTEM32\WINHTTP.dll
[0227/182650.862:ERROR:process_memory_win.cc(73)] ReadMemory at 0x7ff883350000 of 64 bytes failed: Запрос ReadProcessMemory или WriteProcessMemory был выполнен только частично. (0x12B)
[0227/182650.862:WARNING:pe_image_reader.cc(340)] could not read dos header from C:\WINDOWS\SYSTEM32\dhcpcsvc.DLL
[0227/182650.862:ERROR:process_memory_win.cc(73)] ReadMemory at 0x7ff883350000 of 64 bytes failed: Запрос ReadProcessMemory или WriteProcessMemory был выполнен только частично. (0x12B)
[0227/182650.862:WARNING:pe_image_reader.cc(340)] could not read dos header from C:\WINDOWS\SYSTEM32\dhcpcsvc.DLL
[0227/182650.862:ERROR:process_memory_win.cc(73)] ReadMemory at 0x7ff88a1c0000 of 64 bytes failed: Запрос ReadProcessMemory или WriteProcessMemory был выполнен только частично. (0x12B)
[0227/182650.862:WARNING:pe_image_reader.cc(340)] could not read dos header from C:\WINDOWS\System32\NSI.dll
[0227/182650.862:ERROR:process_memory_win.cc(73)] ReadMemory at 0x7ff88a1c0000 of 64 bytes failed: Запрос ReadProcessMemory или WriteProcessMemory был выполнен только частично. (0x12B)
[0227/182650.862:WARNING:pe_image_reader.cc(340)] could not read dos header from C:\WINDOWS\System32\NSI.dll
[0227/182650.862:ERROR:process_memory_win.cc(73)] ReadMemory at 0x7ff886390000 of 64 bytes failed: Запрос ReadProcessMemory или WriteProcessMemory был выполнен только частично. (0x12B)
[0227/182650.862:WARNING:pe_image_reader.cc(340)] could not read dos header from C:\WINDOWS\SYSTEM32\WINMMBASE.dll
[0227/182650.862:ERROR:process_memory_win.cc(73)] ReadMemory at 0x7ff886390000 of 64 bytes failed: Запрос ReadProcessMemory или WriteProcessMemory был выполнен только частично. (0x12B)
[0227/182650.862:WARNING:pe_image_reader.cc(340)] could not read dos header from C:\WINDOWS\SYSTEM32\WINMMBASE.dll
[0227/182650.862:ERROR:process_memory_win.cc(73)] ReadMemory at 0x7ff888860000 of 64 bytes failed: Запрос ReadProcessMemory или WriteProcessMemory был выполнен только частично. (0x12B)
[0227/182650.862:WARNING:pe_image_reader.cc(340)] could not read dos header from C:\WINDOWS\System32\cfgmgr32.dll
[0227/182650.862:ERROR:process_memory_win.cc(73)] ReadMemory at 0x7ff888860000 of 64 bytes failed: Запрос ReadProcessMemory или WriteProcessMemory был выполнен только частично. (0x12B)
[0227/182650.862:WARNING:pe_image_reader.cc(340)] could not read dos header from C:\WINDOWS\System32\cfgmgr32.dll
[0227/182650.862:ERROR:process_memory_win.cc(73)] ReadMemory at 0x7ff8856f0000 of 64 bytes failed: Запрос ReadProcessMemory или WriteProcessMemory был выполнен только частично. (0x12B)
[0227/182650.862:WARNING:pe_image_reader.cc(340)] could not read dos header from C:\WINDOWS\SYSTEM32\PROPSYS.dll
[0227/182650.862:ERROR:process_memory_win.cc(73)] ReadMemory at 0x7ff8856f0000 of 64 bytes failed: Запрос ReadProcessMemory или WriteProcessMemory был выполнен только частично. (0x12B)
[0227/182650.862:WARNING:pe_image_reader.cc(340)] could not read dos header from C:\WINDOWS\SYSTEM32\PROPSYS.dll
[0227/182650.862:ERROR:process_memory_win.cc(73)] ReadMemory at 0x7ff88a290000 of 64 bytes failed: Запрос ReadProcessMemory или WriteProcessMemory был выполнен только частично. (0x12B)
[0227/182650.862:WARNING:pe_image_reader.cc(340)] could not read dos header from C:\WINDOWS\System32\shcore.dll
[0227/182650.862:ERROR:process_memory_win.cc(73)] ReadMemory at 0x7ff88a290000 of 64 bytes failed: Запрос ReadProcessMemory или WriteProcessMemory был выполнен только частично. (0x12B)
[0227/182650.862:WARNING:pe_image_reader.cc(340)] could not read dos header from C:\WINDOWS\System32\shcore.dll
[0227/182650.862:ERROR:process_memory_win.cc(73)] ReadMemory at 0x7ff888580000 of 64 bytes failed: Запрос ReadProcessMemory или WriteProcessMemory был выполнен только частично. (0x12B)
[0227/182650.862:WARNING:pe_image_reader.cc(340)] could not read dos header from C:\WINDOWS\SYSTEM32\SSPICLI.DLL
[0227/182650.862:ERROR:process_memory_win.cc(73)] ReadMemory at 0x7ff888580000 of 64 bytes failed: Запрос ReadProcessMemory или WriteProcessMemory был выполнен только частично. (0x12B)
[0227/182650.862:WARNING:pe_image_reader.cc(340)] could not read dos header from C:\WINDOWS\SYSTEM32\SSPICLI.DLL
[0227/182650.862:ERROR:process_memory_win.cc(73)] ReadMemory at 0x7ff888070000 of 64 bytes failed: Запрос ReadProcessMemory или WriteProcessMemory был выполнен только частично. (0x12B)
[0227/182650.862:WARNING:pe_image_reader.cc(340)] could not read dos header from C:\WINDOWS\SYSTEM32\CRYPTBASE.DLL
[0227/182650.862:ERROR:process_memory_win.cc(73)] ReadMemory at 0x7ff888070000 of 64 bytes failed: Запрос ReadProcessMemory или WriteProcessMemory был выполнен только частично. (0x12B)
[0227/182650.862:WARNING:pe_image_reader.cc(340)] could not read dos header from C:\WINDOWS\SYSTEM32\CRYPTBASE.DLL
[0227/182651.007:ERROR:process_memory_win.cc(73)] ReadMemory at 0x7ff67dc70000 of 64 bytes failed: Запрос ReadProcessMemory или WriteProcessMemory был выполнен только частично. (0x12B)
[0227/182651.007:WARNING:pe_image_reader.cc(340)] could not read dos header from C:\Program Files (x86)\Google\Chrome\Application\chrome.exe
[0227/182651.007:ERROR:process_memory_win.cc(73)] ReadMemory at 0x7ff88b7c0000 of 64 bytes failed: Запрос ReadProcessMemory или WriteProcessMemory был выполнен только частично. (0x12B)
[0227/182651.007:WARNING:pe_image_reader.cc(340)] could not read dos header from C:\WINDOWS\SYSTEM32\ntdll.dll
[0227/182651.007:ERROR:process_memory_win.cc(73)] ReadMemory at 0x7ff88b3e0000 of 64 bytes failed: Запрос ReadProcessMemory или WriteProcessMemory был выполнен только частично. (0x12B)
[0227/182651.007:WARNING:pe_image_reader.cc(340)] could not read dos header from C:\WINDOWS\System32\KERNEL32.DLL
[0227/182651.007:ERROR:process_memory_win.cc(73)] ReadMemory at 0x7ff888970000 of 64 bytes failed: Запрос ReadProcessMemory или WriteProcessMemory был выполнен только частично. (0x12B)
[0227/182651.007:WARNING:pe_image_reader.cc(340)] could not read dos header from C:\WINDOWS\System32\KERNELBASE.dll
[0227/182651.007:ERROR:process_memory_win.cc(73)] ReadMemory at 0x7ff85b7c0000 of 64 bytes failed: Запрос ReadProcessMemory или WriteProcessMemory был выполнен только частично. (0x12B)
[0227/182651.007:WARNING:pe_image_reader.cc(340)] could not read dos header from C:\Program Files (x86)\Google\Chrome\Application\80.0.3987.122\chrome_elf.dll
[0227/182651.007:ERROR:process_memory_win.cc(73)] ReadMemory at 0x7ff884a60000 of 64 bytes failed: Запрос ReadProcessMemory или WriteProcessMemory был выполнен только частично. (0x12B)
[0227/182651.007:WARNING:pe_image_reader.cc(340)] could not read dos header from C:\WINDOWS\SYSTEM32\VERSION.dll
[0227/182651.007:ERROR:process_memory_win.cc(73)] ReadMemory at 0x7ff88af50000 of 64 bytes failed: Запрос ReadProcessMemory или WriteProcessMemory был выполнен только частично. (0x12B)
[0227/182651.007:WARNING:pe_image_reader.cc(340)] could not read dos header from C:\WINDOWS\System32\msvcrt.dll
[0227/182651.007:ERROR:process_memory_win.cc(73)] ReadMemory at 0x7ff8894d0000 of 64 bytes failed: Запрос ReadProcessMemory или WriteProcessMemory был выполнен только частично. (0x12B)
[0227/182651.007:WARNING:pe_image_reader.cc(340)] could not read dos header from C:\WINDOWS\System32\bcryptPrimitives.dll
[0227/182651.007:ERROR:process_memory_win.cc(73)] ReadMemory at 0x7ff88b330000 of 64 bytes failed: Запрос ReadProcessMemory или WriteProcessMemory был выполнен только частично. (0x12B)
[0227/182651.007:WARNING:pe_image_reader.cc(340)] could not read dos header from C:\WINDOWS\System32\ADVAPI32.dll
[0227/182651.007:ERROR:process_memory_win.cc(73)] ReadMemory at 0x7ff88a370000 of 64 bytes failed: Запрос ReadProcessMemory или WriteProcessMemory был выполнен только частично. (0x12B)
[0227/182651.007:WARNING:pe_image_reader.cc(340)] could not read dos header from C:\WINDOWS\System32\sechost.dll
[0227/182651.007:ERROR:process_memory_win.cc(73)] ReadMemory at 0x7ff889ff0000 of 64 bytes failed: Запрос ReadProcessMemory или WriteProcessMemory был выполнен только частично. (0x12B)
[0227/182651.007:WARNING:pe_image_reader.cc(340)] could not read dos header from C:\WINDOWS\System32\RPCRT4.dll
[0227/182651.007:ERROR:process_memory_win.cc(73)] ReadMemory at 0x7ff82a240000 of 64 bytes failed: Запрос ReadProcessMemory или WriteProcessMemory был выполнен только частично. (0x12B)
[0227/182651.007:WARNING:pe_image_reader.cc(340)] could not read dos header from C:\Program Files (x86)\Google\Chrome\Application\80.0.3987.122\chrome.dll
[0227/182651.007:ERROR:process_memory_win.cc(73)] ReadMemory at 0x7ff88a650000 of 64 bytes failed: Запрос ReadProcessMemory или WriteProcessMemory был выполнен только частично. (0x12B)
[0227/182651.007:WARNING:pe_image_reader.cc(340)] could not read dos header from C:\WINDOWS\System32\WS2_32.dll
[0227/182651.007:ERROR:process_memory_win.cc(73)] ReadMemory at 0x207a8240000 of 64 bytes failed: Запрос ReadProcessMemory или WriteProcessMemory был выполнен только частично. (0x12B)
[0227/182651.007:WARNING:pe_image_reader.cc(340)] could not read dos header from C:\WINDOWS\System32\OLEAUT32.dll
[0227/182651.007:ERROR:process_memory_win.cc(73)] ReadMemory at 0x7ff8888b0000 of 64 bytes failed: Запрос ReadProcessMemory или WriteProcessMemory был выполнен только частично. (0x12B)
[0227/182651.007:WARNING:pe_image_reader.cc(340)] could not read dos header from C:\WINDOWS\System32\msvcp_win.dll
[0227/182651.007:ERROR:process_memory_win.cc(73)] ReadMemory at 0x7ff888c50000 of 64 bytes failed: Запрос ReadProcessMemory или WriteProcessMemory был выполнен только частично. (0x12B)
[0227/182651.007:WARNING:pe_image_reader.cc(340)] could not read dos header from C:\WINDOWS\System32\ucrtbase.dll
[0227/182651.007:ERROR:process_memory_win.cc(73)] ReadMemory at 0x7ff88aff0000 of 64 bytes failed: Запрос ReadProcessMemory или WriteProcessMemory был выполнен только частично. (0x12B)
[0227/182651.007:WARNING:pe_image_reader.cc(340)] could not read dos header from C:\WINDOWS\System32\combase.dll
[0227/182651.007:ERROR:process_memory_win.cc(73)] ReadMemory at 0x7ff888800000 of 64 bytes failed: Запрос ReadProcessMemory или WriteProcessMemory был выполнен только частично. (0x12B)
[0227/182651.007:WARNING:pe_image_reader.cc(340)] could not read dos header from C:\WINDOWS\System32\WINTRUST.dll
[0227/182651.007:ERROR:process_memory_win.cc(73)] ReadMemory at 0x7ff888730000 of 64 bytes failed: Запрос ReadProcessMemory или WriteProcessMemory был выполнен только частично. (0x12B)
[0227/182651.007:WARNING:pe_image_reader.cc(340)] could not read dos header from C:\WINDOWS\System32\MSASN1.dll
[0227/182651.007:ERROR:process_memory_win.cc(73)] ReadMemory at 0x7ff889720000 of 64 bytes failed: Запрос ReadProcessMemory или WriteProcessMemory был выполнен только частично. (0x12B)
[0227/182651.008:WARNING:pe_image_reader.cc(340)] could not read dos header from C:\WINDOWS\System32\CRYPT32.dll
[0227/182651.008:ERROR:process_memory_win.cc(73)] ReadMemory at 0x7ff887bb0000 of 64 bytes failed: Запрос ReadProcessMemory или WriteProcessMemory был выполнен только частично. (0x12B)
[0227/182651.008:WARNING:pe_image_reader.cc(340)] could not read dos header from C:\WINDOWS\SYSTEM32\IPHLPAPI.DLL
[0227/182651.008:ERROR:process_memory_win.cc(73)] ReadMemory at 0x7ff886730000 of 64 bytes failed: Запрос ReadProcessMemory или WriteProcessMemory был выполнен только частично. (0x12B)
[0227/182651.008:WARNING:pe_image_reader.cc(340)] could not read dos header from C:\WINDOWS\SYSTEM32\WINMM.dll
[0227/182651.008:ERROR:process_memory_win.cc(73)] ReadMemory at 0x7ff87b420000 of 64 bytes failed: Запрос ReadProcessMemory или WriteProcessMemory был выполнен только частично. (0x12B)
[0227/182651.008:WARNING:pe_image_reader.cc(340)] could not read dos header from C:\WINDOWS\SYSTEM32\Secur32.dll
[0227/182651.008:ERROR:process_memory_win.cc(73)] ReadMemory at 0x7ff8885b0000 of 64 bytes failed: Запрос ReadProcessMemory или WriteProcessMemory был выполнен только частично. (0x12B)
[0227/182651.008:WARNING:pe_image_reader.cc(340)] could not read dos header from C:\WINDOWS\SYSTEM32\USERENV.dll
[0227/182651.008:ERROR:process_memory_win.cc(73)] ReadMemory at 0x7ff8886f0000 of 64 bytes failed: Запрос ReadProcessMemory или WriteProcessMemory был выполнен только частично. (0x12B)
[0227/182651.008:WARNING:pe_image_reader.cc(340)] could not read dos header from C:\WINDOWS\System32\profapi.dll
[0227/182651.008:ERROR:process_memory_win.cc(73)] ReadMemory at 0x7ff866c70000 of 64 bytes failed: Запрос ReadProcessMemory или WriteProcessMemory был выполнен только частично. (0x12B)
[0227/182651.008:WARNING:pe_image_reader.cc(340)] could not read dos header from C:\WINDOWS\SYSTEM32\UIAutomationCore.DLL
[0227/182651.008:ERROR:process_memory_win.cc(73)] ReadMemory at 0x7ff876d00000 of 64 bytes failed: Запрос ReadProcessMemory или WriteProcessMemory был выполнен только частично. (0x12B)
[0227/182651.008:WARNING:pe_image_reader.cc(340)] could not read dos header from C:\WINDOWS\SYSTEM32\DWrite.dll
[0227/182651.008:ERROR:process_memory_win.cc(73)] ReadMemory at 0x7ff881960000 of 64 bytes failed: Запрос ReadProcessMemory или WriteProcessMemory был выполнен только частично. (0x12B)
[0227/182651.008:WARNING:pe_image_reader.cc(340)] could not read dos header from C:\WINDOWS\SYSTEM32\WINSPOOL.DRV
[0227/182651.008:ERROR:process_memory_win.cc(73)] ReadMemory at 0x7ff888710000 of 64 bytes failed: Запрос ReadProcessMemory или WriteProcessMemory был выполнен только частично. (0x12B)
[0227/182651.008:WARNING:pe_image_reader.cc(340)] could not read dos header from C:\WINDOWS\System32\kernel.appcore.dll
[0227/182651.008:ERROR:process_memory_win.cc(73)] ReadMemory at 0x7ff888c20000 of 64 bytes failed: Запрос ReadProcessMemory или WriteProcessMemory был выполнен только частично. (0x12B)
[0227/182651.008:WARNING:pe_image_reader.cc(340)] could not read dos header from C:\WINDOWS\System32\bcrypt.dll
[0227/182651.008:ERROR:process_memory_win.cc(73)] ReadMemory at 0x7ff8721a0000 of 64 bytes failed: Запрос ReadProcessMemory или WriteProcessMemory был выполнен только частично. (0x12B)
[0227/182651.008:WARNING:pe_image_reader.cc(340)] could not read dos header from C:\WINDOWS\SYSTEM32\dbghelp.dll
[0227/182651.008:ERROR:process_memory_win.cc(73)] ReadMemory at 0x7ff880310000 of 64 bytes failed: Запрос ReadProcessMemory или WriteProcessMemory был выполнен только частично. (0x12B)
[0227/182651.008:WARNING:pe_image_reader.cc(340)] could not read dos header from C:\WINDOWS\SYSTEM32\WINHTTP.dll
[0227/182651.008:ERROR:process_memory_win.cc(73)] ReadMemory at 0x7ff883350000 of 64 bytes failed: Запрос ReadProcessMemory или WriteProcessMemory был выполнен только частично. (0x12B)
[0227/182651.008:WARNING:pe_image_reader.cc(340)] could not read dos header from C:\WINDOWS\SYSTEM32\dhcpcsvc.DLL
[0227/182651.008:ERROR:process_memory_win.cc(73)] ReadMemory at 0x7ff88a1c0000 of 64 bytes failed: Запрос ReadProcessMemory или WriteProcessMemory был выполнен только частично. (0x12B)
[0227/182651.008:WARNING:pe_image_reader.cc(340)] could not read dos header from C:\WINDOWS\System32\NSI.dll
[0227/182651.008:ERROR:process_memory_win.cc(73)] ReadMemory at 0x7ff886390000 of 64 bytes failed: Запрос ReadProcessMemory или WriteProcessMemory был выполнен только частично. (0x12B)
[0227/182651.008:WARNING:pe_image_reader.cc(340)] could not read dos header from C:\WINDOWS\SYSTEM32\WINMMBASE.dll
[0227/182651.008:ERROR:process_memory_win.cc(73)] ReadMemory at 0x7ff888860000 of 64 bytes failed: Запрос ReadProcessMemory или WriteProcessMemory был выполнен только частично. (0x12B)
[0227/182651.008:WARNING:pe_image_reader.cc(340)] could not read dos header from C:\WINDOWS\System32\cfgmgr32.dll
[0227/182651.008:ERROR:process_memory_win.cc(73)] ReadMemory at 0x7ff8856f0000 of 64 bytes failed: Запрос ReadProcessMemory или WriteProcessMemory был выполнен только частично. (0x12B)
[0227/182651.008:WARNING:pe_image_reader.cc(340)] could not read dos header from C:\WINDOWS\SYSTEM32\PROPSYS.dll
[0227/182651.008:ERROR:process_memory_win.cc(73)] ReadMemory at 0x7ff88a290000 of 64 bytes failed: Запрос ReadProcessMemory или WriteProcessMemory был выполнен только частично. (0x12B)
[0227/182651.008:WARNING:pe_image_reader.cc(340)] could not read dos header from C:\WINDOWS\System32\shcore.dll
[0227/182651.008:ERROR:process_memory_win.cc(73)] ReadMemory at 0x7ff888580000 of 64 bytes failed: Запрос ReadProcessMemory или WriteProcessMemory был выполнен только частично. (0x12B)
[0227/182651.008:WARNING:pe_image_reader.cc(340)] could not read dos header from C:\WINDOWS\SYSTEM32\SSPICLI.DLL
[0227/182651.008:ERROR:process_memory_win.cc(73)] ReadMemory at 0x7ff888070000 of 64 bytes failed: Запрос ReadProcessMemory или WriteProcessMemory был выполнен только частично. (0x12B)
[0227/182651.008:WARNING:pe_image_reader.cc(340)] could not read dos header from C:\WINDOWS\SYSTEM32\CRYPTBASE.DLL
[0227/182651.008:ERROR:process_memory_win.cc(73)] ReadMemory at 0x7ff67dc70000 of 64 bytes failed: Запрос ReadProcessMemory или WriteProcessMemory был выполнен только частично. (0x12B)
[0227/182651.008:WARNING:pe_image_reader.cc(340)] could not read dos header from C:\Program Files (x86)\Google\Chrome\Application\chrome.exe
[0227/182651.008:ERROR:process_memory_win.cc(73)] ReadMemory at 0x7ff88b7c0000 of 64 bytes failed: Запрос ReadProcessMemory или WriteProcessMemory был выполнен только частично. (0x12B)
[0227/182651.008:WARNING:pe_image_reader.cc(340)] could not read dos header from C:\WINDOWS\SYSTEM32\ntdll.dll
[0227/182651.008:ERROR:process_memory_win.cc(73)] ReadMemory at 0x7ff88b3e0000 of 64 bytes failed: Запрос ReadProcessMemory или WriteProcessMemory был выполнен только частично. (0x12B)
[0227/182651.008:WARNING:pe_image_reader.cc(340)] could not read dos header from C:\WINDOWS\System32\KERNEL32.DLL
[0227/182651.008:ERROR:process_memory_win.cc(73)] ReadMemory at 0x7ff888970000 of 64 bytes failed: Запрос ReadProcessMemory или WriteProcessMemory был выполнен только частично. (0x12B)
[0227/182651.008:WARNING:pe_image_reader.cc(340)] could not read dos header from C:\WINDOWS\System32\KERNELBASE.dll
[0227/182651.008:ERROR:process_memory_win.cc(73)] ReadMemory at 0x7ff85b7c0000 of 64 bytes failed: Запрос ReadProcessMemory или WriteProcessMemory был выполнен только частично. (0x12B)
[0227/182651.008:WARNING:pe_image_reader.cc(340)] could not read dos header from C:\Program Files (x86)\Google\Chrome\Application\80.0.3987.122\chrome_elf.dll
[0227/182651.008:ERROR:process_memory_win.cc(73)] ReadMemory at 0x7ff884a60000 of 64 bytes failed: Запрос ReadProcessMemory или WriteProcessMemory был выполнен только частично. (0x12B)
[0227/182651.009:WARNING:pe_image_reader.cc(340)] could not read dos header from C:\WINDOWS\SYSTEM32\VERSION.dll
[0227/182651.009:ERROR:process_memory_win.cc(73)] ReadMemory at 0x7ff88af50000 of 64 bytes failed: Запрос ReadProcessMemory или WriteProcessMemory был выполнен только частично. (0x12B)
[0227/182651.009:WARNING:pe_image_reader.cc(340)] could not read dos header from C:\WINDOWS\System32\msvcrt.dll
[0227/182651.009:ERROR:process_memory_win.cc(73)] ReadMemory at 0x7ff8894d0000 of 64 bytes failed: Запрос ReadProcessMemory или WriteProcessMemory был выполнен только частично. (0x12B)
[0227/182651.009:WARNING:pe_image_reader.cc(340)] could not read dos header from C:\WINDOWS\System32\bcryptPrimitives.dll
[0227/182651.009:ERROR:process_memory_win.cc(73)] ReadMemory at 0x7ff88b330000 of 64 bytes failed: Запрос ReadProcessMemory или WriteProcessMemory был выполнен только частично. (0x12B)
[0227/182651.009:WARNING:pe_image_reader.cc(340)] could not read dos header from C:\WINDOWS\System32\ADVAPI32.dll
[0227/182651.009:ERROR:process_memory_win.cc(73)] ReadMemory at 0x7ff88a370000 of 64 bytes failed: Запрос ReadProcessMemory или WriteProcessMemory был выполнен только частично. (0x12B)
[0227/182651.009:WARNING:pe_image_reader.cc(340)] could not read dos header from C:\WINDOWS\System32\sechost.dll
[0227/182651.009:ERROR:process_memory_win.cc(73)] ReadMemory at 0x7ff889ff0000 of 64 bytes failed: Запрос ReadProcessMemory или WriteProcessMemory был выполнен только частично. (0x12B)
[0227/182651.009:WARNING:pe_image_reader.cc(340)] could not read dos header from C:\WINDOWS\System32\RPCRT4.dll
[0227/182651.009:ERROR:process_memory_win.cc(73)] ReadMemory at 0x7ff82a240000 of 64 bytes failed: Запрос ReadProcessMemory или WriteProcessMemory был выполнен только частично. (0x12B)
[0227/182651.009:WARNING:pe_image_reader.cc(340)] could not read dos header from C:\Program Files (x86)\Google\Chrome\Application\80.0.3987.122\chrome.dll
[0227/182651.009:ERROR:process_memory_win.cc(73)] ReadMemory at 0x7ff88a650000 of 64 bytes failed: Запрос ReadProcessMemory или WriteProcessMemory был выполнен только частично. (0x12B)
[0227/182651.009:WARNING:pe_image_reader.cc(340)] could not read dos header from C:\WINDOWS\System32\WS2_32.dll
[0227/182651.009:ERROR:process_memory_win.cc(73)] ReadMemory at 0x207a8240000 of 64 bytes failed: Запрос ReadProcessMemory или WriteProcessMemory был выполнен только частично. (0x12B)
[0227/182651.009:WARNING:pe_image_reader.cc(340)] could not read dos header from C:\WINDOWS\System32\OLEAUT32.dll
[0227/182651.009:ERROR:process_memory_win.cc(73)] ReadMemory at 0x7ff8888b0000 of 64 bytes failed: Запрос ReadProcessMemory или WriteProcessMemory был выполнен только частично. (0x12B)
[0227/182651.009:WARNING:pe_image_reader.cc(340)] could not read dos header from C:\WINDOWS\System32\msvcp_win.dll
[0227/182651.009:ERROR:process_memory_win.cc(73)] ReadMemory at 0x7ff888c50000 of 64 bytes failed: Запрос ReadProcessMemory или WriteProcessMemory был выполнен только частично. (0x12B)
[0227/182651.009:WARNING:pe_image_reader.cc(340)] could not read dos header from C:\WINDOWS\System32\ucrtbase.dll
[0227/182651.009:ERROR:process_memory_win.cc(73)] ReadMemory at 0x7ff88aff0000 of 64 bytes failed: Запрос ReadProcessMemory или WriteProcessMemory был выполнен только частично. (0x12B)
[0227/182651.009:WARNING:pe_image_reader.cc(340)] could not read dos header from C:\WINDOWS\System32\combase.dll
[0227/182651.009:ERROR:process_memory_win.cc(73)] ReadMemory at 0x7ff888800000 of 64 bytes failed: Запрос ReadProcessMemory или WriteProcessMemory был выполнен только частично. (0x12B)
[0227/182651.009:WARNING:pe_image_reader.cc(340)] could not read dos header from C:\WINDOWS\System32\WINTRUST.dll
[0227/182651.009:ERROR:process_memory_win.cc(73)] ReadMemory at 0x7ff888730000 of 64 bytes failed: Запрос ReadProcessMemory или WriteProcessMemory был выполнен только частично. (0x12B)
[0227/182651.009:WARNING:pe_image_reader.cc(340)] could not read dos header from C:\WINDOWS\System32\MSASN1.dll
[0227/182651.009:ERROR:process_memory_win.cc(73)] ReadMemory at 0x7ff889720000 of 64 bytes failed: Запрос ReadProcessMemory или WriteProcessMemory был выполнен только частично. (0x12B)
[0227/182651.009:WARNING:pe_image_reader.cc(340)] could not read dos header from C:\WINDOWS\System32\CRYPT32.dll
[0227/182651.009:ERROR:process_memory_win.cc(73)] ReadMemory at 0x7ff887bb0000 of 64 bytes failed: Запрос ReadProcessMemory или WriteProcessMemory был выполнен только частично. (0x12B)
[0227/182651.009:WARNING:pe_image_reader.cc(340)] could not read dos header from C:\WINDOWS\SYSTEM32\IPHLPAPI.DLL
[0227/182651.009:ERROR:process_memory_win.cc(73)] ReadMemory at 0x7ff886730000 of 64 bytes failed: Запрос ReadProcessMemory или WriteProcessMemory был выполнен только частично. (0x12B)
[0227/182651.009:WARNING:pe_image_reader.cc(340)] could not read dos header from C:\WINDOWS\SYSTEM32\WINMM.dll
[0227/182651.009:ERROR:process_memory_win.cc(73)] ReadMemory at 0x7ff87b420000 of 64 bytes failed: Запрос ReadProcessMemory или WriteProcessMemory был выполнен только частично. (0x12B)
[0227/182651.009:WARNING:pe_image_reader.cc(340)] could not read dos header from C:\WINDOWS\SYSTEM32\Secur32.dll
[0227/182651.009:ERROR:process_memory_win.cc(73)] ReadMemory at 0x7ff8885b0000 of 64 bytes failed: Запрос ReadProcessMemory или WriteProcessMemory был выполнен только частично. (0x12B)
[0227/182651.009:WARNING:pe_image_reader.cc(340)] could not read dos header from C:\WINDOWS\SYSTEM32\USERENV.dll
[0227/182651.009:ERROR:process_memory_win.cc(73)] ReadMemory at 0x7ff8886f0000 of 64 bytes failed: Запрос ReadProcessMemory или WriteProcessMemory был выполнен только частично. (0x12B)
[0227/182651.009:WARNING:pe_image_reader.cc(340)] could not read dos header from C:\WINDOWS\System32\profapi.dll
[0227/182651.009:ERROR:process_memory_win.cc(73)] ReadMemory at 0x7ff866c70000 of 64 bytes failed: Запрос ReadProcessMemory или WriteProcessMemory был выполнен только частично. (0x12B)
[0227/182651.009:WARNING:pe_image_reader.cc(340)] could not read dos header from C:\WINDOWS\SYSTEM32\UIAutomationCore.DLL
[0227/182651.009:ERROR:process_memory_win.cc(73)] ReadMemory at 0x7ff876d00000 of 64 bytes failed: Запрос ReadProcessMemory или WriteProcessMemory был выполнен только частично. (0x12B)
[0227/182651.009:WARNING:pe_image_reader.cc(340)] could not read dos header from C:\WINDOWS\SYSTEM32\DWrite.dll
[0227/182651.009:ERROR:process_memory_win.cc(73)] ReadMemory at 0x7ff881960000 of 64 bytes failed: Запрос ReadProcessMemory или WriteProcessMemory был выполнен только частично. (0x12B)
[0227/182651.009:WARNING:pe_image_reader.cc(340)] could not read dos header from C:\WINDOWS\SYSTEM32\WINSPOOL.DRV
[0227/182651.009:ERROR:process_memory_win.cc(73)] ReadMemory at 0x7ff888710000 of 64 bytes failed: Запрос ReadProcessMemory или WriteProcessMemory был выполнен только частично. (0x12B)
[0227/182651.009:WARNING:pe_image_reader.cc(340)] could not read dos header from C:\WINDOWS\System32\kernel.appcore.dll
[0227/182651.009:ERROR:process_memory_win.cc(73)] ReadMemory at 0x7ff888c20000 of 64 bytes failed: Запрос ReadProcessMemory или WriteProcessMemory был выполнен только частично. (0x12B)
[0227/182651.009:WARNING:pe_image_reader.cc(340)] could not read dos header from C:\WINDOWS\System32\bcrypt.dll
[0227/182651.009:ERROR:process_memory_win.cc(73)] ReadMemory at 0x7ff8721a0000 of 64 bytes failed: Запрос ReadProcessMemory или WriteProcessMemory был выполнен только частично. (0x12B)
[0227/182651.009:WARNING:pe_image_reader.cc(340)] could not read dos header from C:\WINDOWS\SYSTEM32\dbghelp.dll
[0227/182651.009:ERROR:process_memory_win.cc(73)] ReadMemory at 0x7ff880310000 of 64 bytes failed: Запрос ReadProcessMemory или WriteProcessMemory был выполнен только частично. (0x12B)
[0227/182651.009:WARNING:pe_image_reader.cc(340)] could not read dos header from C:\WINDOWS\SYSTEM32\WINHTTP.dll
[0227/182651.010:ERROR:process_memory_win.cc(73)] ReadMemory at 0x7ff883350000 of 64 bytes failed: Запрос ReadProcessMemory или WriteProcessMemory был выполнен только частично. (0x12B)
[0227/182651.010:WARNING:pe_image_reader.cc(340)] could not read dos header from C:\WINDOWS\SYSTEM32\dhcpcsvc.DLL
[0227/182651.010:ERROR:process_memory_win.cc(73)] ReadMemory at 0x7ff88a1c0000 of 64 bytes failed: Запрос ReadProcessMemory или WriteProcessMemory был выполнен только частично. (0x12B)
[0227/182651.010:WARNING:pe_image_reader.cc(340)] could not read dos header from C:\WINDOWS\System32\NSI.dll
[0227/182651.010:ERROR:process_memory_win.cc(73)] ReadMemory at 0x7ff886390000 of 64 bytes failed: Запрос ReadProcessMemory или WriteProcessMemory был выполнен только частично. (0x12B)
[0227/182651.010:WARNING:pe_image_reader.cc(340)] could not read dos header from C:\WINDOWS\SYSTEM32\WINMMBASE.dll
[0227/182651.010:ERROR:process_memory_win.cc(73)] ReadMemory at 0x7ff888860000 of 64 bytes failed: Запрос ReadProcessMemory или WriteProcessMemory был выполнен только частично. (0x12B)
[0227/182651.010:WARNING:pe_image_reader.cc(340)] could not read dos header from C:\WINDOWS\System32\cfgmgr32.dll
[0227/182651.010:ERROR:process_memory_win.cc(73)] ReadMemory at 0x7ff8856f0000 of 64 bytes failed: Запрос ReadProcessMemory или WriteProcessMemory был выполнен только частично. (0x12B)
[0227/182651.010:WARNING:pe_image_reader.cc(340)] could not read dos header from C:\WINDOWS\SYSTEM32\PROPSYS.dll
[0227/182651.010:ERROR:process_memory_win.cc(73)] ReadMemory at 0x7ff88a290000 of 64 bytes failed: Запрос ReadProcessMemory или WriteProcessMemory был выполнен только частично. (0x12B)
[0227/182651.010:WARNING:pe_image_reader.cc(340)] could not read dos header from C:\WINDOWS\System32\shcore.dll
[0227/182651.010:ERROR:process_memory_win.cc(73)] ReadMemory at 0x7ff888580000 of 64 bytes failed: Запрос ReadProcessMemory или WriteProcessMemory был выполнен только частично. (0x12B)
[0227/182651.010:WARNING:pe_image_reader.cc(340)] could not read dos header from C:\WINDOWS\SYSTEM32\SSPICLI.DLL
[0227/182651.010:ERROR:process_memory_win.cc(73)] ReadMemory at 0x7ff888070000 of 64 bytes failed: Запрос ReadProcessMemory или WriteProcessMemory был выполнен только частично. (0x12B)
[0227/182651.010:WARNING:pe_image_reader.cc(340)] could not read dos header from C:\WINDOWS\SYSTEM32\CRYPTBASE.DLL
[0227/182651.014:ERROR:process_memory_win.cc(73)] ReadMemory at 0xc9ba7f9000 of 28672 bytes failed: Запрос ReadProcessMemory или WriteProcessMemory был выполнен только частично. (0x12B)
[0227/182651.014:ERROR:process_memory_win.cc(73)] ReadMemory at 0xc9baffd000 of 12288 bytes failed: Запрос ReadProcessMemory или WriteProcessMemory был выполнен только частично. (0x12B)
[0227/182651.014:ERROR:process_memory_win.cc(73)] ReadMemory at 0xc9bbffc000 of 16384 bytes failed: Запрос ReadProcessMemory или WriteProcessMemory был выполнен только частично. (0x12B)
[0227/182651.014:ERROR:process_memory_win.cc(73)] ReadMemory at 0xc9bc7fc000 of 16384 bytes failed: Запрос ReadProcessMemory или WriteProcessMemory был выполнен только частично. (0x12B)
[0227/182651.014:ERROR:process_memory_win.cc(73)] ReadMemory at 0xc9bcffe000 of 8192 bytes failed: Запрос ReadProcessMemory или WriteProcessMemory был выполнен только частично. (0x12B)
[0227/182651.015:ERROR:process_memory_win.cc(73)] ReadMemory at 0xc9bd7fd000 of 12288 bytes failed: Запрос ReadProcessMemory или WriteProcessMemory был выполнен только частично. (0x12B)
[0227/182651.015:ERROR:process_memory_win.cc(73)] ReadMemory at 0xc9bdffd000 of 12288 bytes failed: Запрос ReadProcessMemory или WriteProcessMemory был выполнен только частично. (0x12B)
[0227/182651.015:ERROR:process_memory_win.cc(73)] ReadMemory at 0xc9beffd000 of 12288 bytes failed: Запрос ReadProcessMemory или WriteProcessMemory был выполнен только частично. (0x12B)
[0227/182651.015:ERROR:process_memory_win.cc(73)] ReadMemory at 0xc9bf7fd000 of 12288 bytes failed: Запрос ReadProcessMemory или WriteProcessMemory был выполнен только частично. (0x12B)
[0227/182651.015:ERROR:process_memory_win.cc(73)] ReadMemory at 0xc9bfffd000 of 12288 bytes failed: Запрос ReadProcessMemory или WriteProcessMemory был выполнен только частично. (0x12B)
[0227/182651.015:ERROR:process_memory_win.cc(73)] ReadMemory at 0xc9c07fd000 of 12288 bytes failed: Запрос ReadProcessMemory или WriteProcessMemory был выполнен только частично. (0x12B)
[0227/182651.015:ERROR:process_memory_win.cc(73)] ReadMemory at 0xc9c0ffd000 of 12288 bytes failed: Запрос ReadProcessMemory или WriteProcessMemory был выполнен только частично. (0x12B)
[0227/182651.015:ERROR:process_memory_win.cc(73)] ReadMemory at 0xc9c17fd000 of 12288 bytes failed: Запрос ReadProcessMemory или WriteProcessMemory был выполнен только частично. (0x12B)
[0227/182651.015:ERROR:process_memory_win.cc(73)] ReadMemory at 0xc9c27fd000 of 12288 bytes failed: Запрос ReadProcessMemory или WriteProcessMemory был выполнен только частично. (0x12B)
[0227/182651.015:ERROR:process_memory_win.cc(73)] ReadMemory at 0xc9b9fc8000 of 852 bytes failed: Запрос ReadProcessMemory или WriteProcessMemory был выполнен только частично. (0x12B)
[0227/182651.015:ERROR:process_memory_win.cc(73)] ReadMemory at 0xc9b9fc9000 of 6024 bytes failed: Запрос ReadProcessMemory или WriteProcessMemory был выполнен только частично. (0x12B)
[0227/182651.015:ERROR:process_memory_win.cc(73)] ReadMemory at 0xc9b9fcb000 of 6024 bytes failed: Запрос ReadProcessMemory или WriteProcessMemory был выполнен только частично. (0x12B)
[0227/182651.015:ERROR:process_memory_win.cc(73)] ReadMemory at 0xc9b9fcf000 of 6024 bytes failed: Запрос ReadProcessMemory или WriteProcessMemory был выполнен только частично. (0x12B)
[0227/182651.015:ERROR:process_memory_win.cc(73)] ReadMemory at 0xc9b9fd1000 of 6024 bytes failed: Запрос ReadProcessMemory или WriteProcessMemory был выполнен только частично. (0x12B)
[0227/182651.015:ERROR:process_memory_win.cc(73)] ReadMemory at 0xc9b9fd3000 of 6024 bytes failed: Запрос ReadProcessMemory или WriteProcessMemory был выполнен только частично. (0x12B)
[0227/182651.015:ERROR:process_memory_win.cc(73)] ReadMemory at 0xc9b9fd5000 of 6024 bytes failed: Запрос ReadProcessMemory или WriteProcessMemory был выполнен только частично. (0x12B)
[0227/182651.015:ERROR:process_memory_win.cc(73)] ReadMemory at 0xc9b9fd7000 of 6024 bytes failed: Запрос ReadProcessMemory или WriteProcessMemory был выполнен только частично. (0x12B)
[0227/182651.015:ERROR:process_memory_win.cc(73)] ReadMemory at 0xc9b9fdb000 of 6024 bytes failed: Запрос ReadProcessMemory или WriteProcessMemory был выполнен только частично. (0x12B)
[0227/182651.015:ERROR:process_memory_win.cc(73)] ReadMemory at 0xc9b9fdd000 of 6024 bytes failed: Запрос ReadProcessMemory или WriteProcessMemory был выполнен только частично. (0x12B)
[0227/182651.016:ERROR:process_memory_win.cc(73)] ReadMemory at 0xc9b9fdf000 of 6024 bytes failed: Запрос ReadProcessMemory или WriteProcessMemory был выполнен только частично. (0x12B)
[0227/182651.016:ERROR:process_memory_win.cc(73)] ReadMemory at 0xc9b9fe1000 of 6024 bytes failed: Запрос ReadProcessMemory или WriteProcessMemory был выполнен только частично. (0x12B)
[0227/182651.016:ERROR:process_memory_win.cc(73)] ReadMemory at 0xc9b9fe3000 of 6024 bytes failed: Запрос ReadProcessMemory или WriteProcessMemory был выполнен только частично. (0x12B)
[0227/182651.016:ERROR:process_memory_win.cc(73)] ReadMemory at 0xc9b9fe5000 of 6024 bytes failed: Запрос ReadProcessMemory или WriteProcessMemory был выполнен только частично. (0x12B)
[0227/182651.016:ERROR:process_memory_win.cc(73)] ReadMemory at 0xc9b9feb000 of 6024 bytes failed: Запрос ReadProcessMemory или WriteProcessMemory был выполнен только частично. (0x12B)
[0227/182651.016:ERROR:process_memory_win.cc(73)] ReadMemory at 0x207a7d49d0c of 512 bytes failed: Запрос ReadProcessMemory или WriteProcessMemory был выполнен только частично. (0x12B)
[0227/182651.016:ERROR:process_memory_win.cc(73)] ReadMemory at 0x207a7d78a10 of 512 bytes failed: Запрос ReadProcessMemory или WriteProcessMemory был выполнен только частично. (0x12B)
[0227/182651.016:ERROR:process_memory_win.cc(73)] ReadMemory at 0x207a7d79000 of 512 bytes failed: Запрос ReadProcessMemory или WriteProcessMemory был выполнен только частично. (0x12B)
[0227/182651.016:ERROR:process_memory_win.cc(73)] ReadMemory at 0x207a8381000 of 512 bytes failed: Запрос ReadProcessMemory или WriteProcessMemory был выполнен только частично. (0x12B)
[0227/182651.016:ERROR:process_memory_win.cc(73)] ReadMemory at 0x207a84354a0 of 512 bytes failed: Запрос ReadProcessMemory или WriteProcessMemory был выполнен только частично. (0x12B)
[0227/182651.016:ERROR:process_memory_win.cc(73)] ReadMemory at 0x207a84386d0 of 512 bytes failed: Запрос ReadProcessMemory или WriteProcessMemory был выполнен только частично. (0x12B)
[0227/182651.016:ERROR:process_memory_win.cc(73)] ReadMemory at 0x207a8464830 of 512 bytes failed: Запрос ReadProcessMemory или WriteProcessMemory был выполнен только частично. (0x12B)
[0227/182651.016:ERROR:process_memory_win.cc(73)] ReadMemory at 0x207a84665f0 of 712 bytes failed: Запрос ReadProcessMemory или WriteProcessMemory был выполнен только частично. (0x12B)
[0227/182651.016:ERROR:process_memory_win.cc(73)] ReadMemory at 0x207a847e7c8 of 800 bytes failed: Запрос ReadProcessMemory или WriteProcessMemory был выполнен только частично. (0x12B)
[0227/182651.016:ERROR:process_memory_win.cc(73)] ReadMemory at 0x207a847f038 of 512 bytes failed: Запрос ReadProcessMemory или WriteProcessMemory был выполнен только частично. (0x12B)
[0227/182651.016:ERROR:process_memory_win.cc(73)] ReadMemory at 0x207a847ff68 of 512 bytes failed: Запрос ReadProcessMemory или WriteProcessMemory был выполнен только частично. (0x12B)
[0227/182651.016:ERROR:process_memory_win.cc(73)] ReadMemory at 0x207a84801a8 of 512 bytes failed: Запрос ReadProcessMemory или WriteProcessMemory был выполнен только частично. (0x12B)
[0227/182651.016:ERROR:process_memory_win.cc(73)] ReadMemory at 0x207a84b5a48 of 512 bytes failed: Запрос ReadProcessMemory или WriteProcessMemory был выполнен только частично. (0x12B)
[0227/182651.016:ERROR:process_memory_win.cc(73)] ReadMemory at 0x207a84bac90 of 512 bytes failed: Запрос ReadProcessMemory или WriteProcessMemory был выполнен только частично. (0x12B)
[0227/182651.016:ERROR:process_memory_win.cc(73)] ReadMemory at 0x207a84c2680 of 512 bytes failed: Запрос ReadProcessMemory или WriteProcessMemory был выполнен только частично. (0x12B)
[0227/182651.016:ERROR:process_memory_win.cc(73)] ReadMemory at 0x207aa33f560 of 512 bytes failed: Запрос ReadProcessMemory или WriteProcessMemory был выполнен только частично. (0x12B)
[0227/182651.017:ERROR:process_memory_win.cc(73)] ReadMemory at 0x207aa364600 of 512 bytes failed: Запрос ReadProcessMemory или WriteProcessMemory был выполнен только частично. (0x12B)
[0227/182651.017:ERROR:process_memory_win.cc(73)] ReadMemory at 0x207aa387f50 of 840 bytes failed: Запрос ReadProcessMemory или WriteProcessMemory был выполнен только частично. (0x12B)
[0227/182651.017:ERROR:process_memory_win.cc(73)] ReadMemory at 0x207aa38e5d0 of 512 bytes failed: Запрос ReadProcessMemory или WriteProcessMemory был выполнен только частично. (0x12B)
[0227/182651.017:ERROR:process_memory_win.cc(73)] ReadMemory at 0x207aa438d80 of 512 bytes failed: Запрос ReadProcessMemory или WriteProcessMemory был выполнен только частично. (0x12B)
[0227/182651.017:ERROR:process_memory_win.cc(73)] ReadMemory at 0x207aa4c33e0 of 512 bytes failed: Запрос ReadProcessMemory или WriteProcessMemory был выполнен только частично. (0x12B)
[0227/182651.017:ERROR:process_memory_win.cc(73)] ReadMemory at 0x207aa843420 of 512 bytes failed: Запрос ReadProcessMemory или WriteProcessMemory был выполнен только частично. (0x12B)
[0227/182651.017:ERROR:process_memory_win.cc(73)] ReadMemory at 0x76e5081a4985 of 512 bytes failed: Запрос ReadProcessMemory или WriteProcessMemory был выполнен только частично. (0x12B)
[0227/182651.017:ERROR:process_memory_win.cc(73)] ReadMemory at 0x7ff82ce9ea7e of 553 bytes failed: Запрос ReadProcessMemory или WriteProcessMemory был выполнен только частично. (0x12B)
[0227/182651.017:ERROR:process_memory_win.cc(73)] ReadMemory at 0x7ff830464118 of 512 bytes failed: Запрос ReadProcessMemory или WriteProcessMemory был выполнен только частично. (0x12B)
[0227/182651.017:ERROR:process_memory_win.cc(73)] ReadMemory at 0x7ff888bdb6d0 of 512 bytes failed: Запрос ReadProcessMemory или WriteProcessMemory был выполнен только частично. (0x12B)
[0227/182651.017:ERROR:process_memory_win.cc(73)] ReadMemory at 0x7ff88b85c0c4 of 672 bytes failed: Запрос ReadProcessMemory или WriteProcessMemory был выполнен только частично. (0x12B)
[0227/182651.017:ERROR:process_memory_win.cc(73)] ReadMemory at 0x7ff88b85c6c4 of 512 bytes failed: Запрос ReadProcessMemory или WriteProcessMemory был выполнен только частично. (0x12B)
[0227/182651.017:ERROR:process_memory_win.cc(73)] ReadMemory at 0x7ff88b85f974 of 608 bytes failed: Запрос ReadProcessMemory или WriteProcessMemory был выполнен только частично. (0x12B)
[0227/182651.017:ERROR:process_memory_win.cc(73)] ReadMemory at 0x7ff88b8e10f0 of 512 bytes failed: Запрос ReadProcessMemory или WriteProcessMemory был выполнен только частично. (0x12B)
[0227/182651.024:ERROR:scoped_process_suspend.cc(40)] NtResumeProcess: Попытка доступа к процессу, выполняющему процедуру завершения. (0xc000010a)
